2019-04-27 12:05:11,061 - Starting RebatemallApplication on DESKTOP-6P4NVVT with PID 6448 (D:\IdeaProjects\rebateMall\target\classes started by 15522 in D:\IdeaProjects\rebateMall)
2019-04-27 12:05:11,064 - No active profile set, falling back to default profiles: default
2019-04-27 12:05:19,118 - Multiple Spring Data modules found, entering strict repository configuration mode!
2019-04-27 12:05:19,119 - Bootstrapping Spring Data repositories in DEFAULT mode.
2019-04-27 12:05:19,504 - Finished Spring Data repository scanning in 356ms. Found 9 repository interfaces.
2019-04-27 12:05:19,926 - Multiple Spring Data modules found, entering strict repository configuration mode!
2019-04-27 12:05:19,934 - Bootstrapping Spring Data repositories in DEFAULT mode.
2019-04-27 12:05:20,069 - Spring Data Redis - Could not safely identify store assignment for repository candidate interface com.zhuhaoran.rebatemall.repository.DeliveryAddressRepository.
2019-04-27 12:05:20,072 - Spring Data Redis - Could not safely identify store assignment for repository candidate interface com.zhuhaoran.rebatemall.repository.OrderDetailRepository.
2019-04-27 12:05:20,073 - Spring Data Redis - Could not safely identify store assignment for repository candidate interface com.zhuhaoran.rebatemall.repository.OrderMasterRepository.
2019-04-27 12:05:20,074 - Spring Data Redis - Could not safely identify store assignment for repository candidate interface com.zhuhaoran.rebatemall.repository.ProductCategoryRepository.
2019-04-27 12:05:20,075 - Spring Data Redis - Could not safely identify store assignment for repository candidate interface com.zhuhaoran.rebatemall.repository.ProductInfoRepository.
2019-04-27 12:05:20,075 - Spring Data Redis - Could not safely identify store assignment for repository candidate interface com.zhuhaoran.rebatemall.repository.RebateDetailRepository.
2019-04-27 12:05:20,076 - Spring Data Redis - Could not safely identify store assignment for repository candidate interface com.zhuhaoran.rebatemall.repository.UserInfoRepository.
2019-04-27 12:05:20,077 - Spring Data Redis - Could not safely identify store assignment for repository candidate interface com.zhuhaoran.rebatemall.repository.WalletDetailRepository.
2019-04-27 12:05:20,078 - Spring Data Redis - Could not safely identify store assignment for repository candidate interface com.zhuhaoran.rebatemall.repository.WalletMasterRepository.
2019-04-27 12:05:20,079 - Finished Spring Data repository scanning in 18ms. Found 0 repository interfaces.
2019-04-27 12:05:21,516 - Bean 'org.springframework.transaction.annotation.ProxyTransactionManagementConfiguration' of type [org.springframework.transaction.annotation.ProxyTransactionManagementConfiguration$$EnhancerBySpringCGLIB$$cf5cbdf9] is not eligible for getting processed by all BeanPostProcessors (for example: not eligible for auto-proxying)
2019-04-27 12:05:24,154 - Tomcat initialized with port(s): 8080 (http)
2019-04-27 12:05:24,314 - Initializing ProtocolHandler ["http-nio-8080"]
2019-04-27 12:05:24,375 - Starting service [Tomcat]
2019-04-27 12:05:24,376 - Starting Servlet engine: [Apache Tomcat/9.0.16]
2019-04-27 12:05:24,387 - The APR based Apache Tomcat Native library which allows optimal performance in production environments was not found on the java.library.path: [C:\Program Files\Java\jdk1.8.0_181\bin;C:\Windows\Sun\Java\bin;C:\Windows\system32;C:\Windows;C:\Program Files (x86)\Common Files\Oracle\Java\javapath;C:\Windows\system32;C:\Windows;C:\Windows\System32\Wbem;C:\Windows\System32\WindowsPowerShell\v1.0\;C:\Windows\System32\OpenSSH\;C:\Program Files\NVIDIA Corporation\NVIDIA NvDLISR;C:\Program Files (x86)\NVIDIA Corporation\PhysX\Common;C:\Program Files\Intel\WiFi\bin\;C:\Program Files\Common Files\Intel\WirelessCommon\;C:\Program Files\Java\jdk1.8.0_181\bin;C:\Program Files\MySQL\MySQL Utilities 1.6\;D:\maven\apache-maven-3.5.4\bin;D:\tomcat\apache-tomcat-9.0.11\bin;D:\Redis;C:\Users\15522\AppData\Local\Microsoft\WindowsApps;C:\Program Files\Intel\WiFi\bin\;C:\Program Files\Common Files\Intel\WirelessCommon\;.]
2019-04-27 12:05:24,932 - Initializing Spring embedded WebApplicationContext
2019-04-27 12:05:24,933 - Root WebApplicationContext: initialization completed in 13661 ms
2019-04-27 12:05:25,984 - HikariPool-1 - Starting...
2019-04-27 12:05:28,204 - HikariPool-1 - Start completed.
2019-04-27 12:05:28,792 - HHH000204: Processing PersistenceUnitInfo [
	name: default
	...]
2019-04-27 12:05:30,016 - HHH000412: Hibernate Core {5.3.7.Final}
2019-04-27 12:05:30,018 - HHH000206: hibernate.properties not found
2019-04-27 12:05:36,768 - HCANN000001: Hibernate Commons Annotations {5.0.4.Final}
2019-04-27 12:05:39,092 - HHH000400: Using dialect: org.hibernate.dialect.MySQL5Dialect
2019-04-27 12:05:48,172 - Initialized JPA EntityManagerFactory for persistence unit 'default'
2019-04-27 12:05:54,184 - Autowired annotation is not supported on static fields: private static com.zhuhaoran.rebatemall.service.UserInfoService com.zhuhaoran.rebatemall.utils.JudgeSpecialUserUtil.userInfoService
2019-04-27 12:05:55,420 - Initializing ExecutorService 'applicationTaskExecutor'
2019-04-27 12:05:55,610 - spring.jpa.open-in-view is enabled by default. Therefore, database queries may be performed during view rendering. Explicitly configure spring.jpa.open-in-view to disable this warning
2019-04-27 12:05:57,881 - Starting ProtocolHandler ["http-nio-8080"]
2019-04-27 12:05:57,930 - Tomcat started on port(s): 8080 (http) with context path '/rebatemall'
2019-04-27 12:05:57,933 - Started RebatemallApplication in 53.754 seconds (JVM running for 64.263)
2019-04-27 12:10:41,745 - Initializing Spring DispatcherServlet 'dispatcherServlet'
2019-04-27 12:10:41,746 - Initializing Servlet 'dispatcherServlet'
2019-04-27 12:10:42,032 - Completed initialization in 286 ms
2019-04-27 12:10:43,383 - HHH000397: Using ASTQueryTranslatorFactory
2019-04-27 15:06:21,241 - Starting RebatemallApplication on DESKTOP-6P4NVVT with PID 1120 (D:\IdeaProjects\rebateMall\target\classes started by 15522 in D:\IdeaProjects\rebateMall)
2019-04-27 15:06:21,248 - No active profile set, falling back to default profiles: default
2019-04-27 15:06:23,250 - Multiple Spring Data modules found, entering strict repository configuration mode!
2019-04-27 15:06:23,252 - Bootstrapping Spring Data repositories in DEFAULT mode.
2019-04-27 15:06:23,498 - Finished Spring Data repository scanning in 234ms. Found 9 repository interfaces.
2019-04-27 15:06:23,538 - Multiple Spring Data modules found, entering strict repository configuration mode!
2019-04-27 15:06:23,540 - Bootstrapping Spring Data repositories in DEFAULT mode.
2019-04-27 15:06:23,569 - Spring Data Redis - Could not safely identify store assignment for repository candidate interface com.zhuhaoran.rebatemall.repository.DeliveryAddressRepository.
2019-04-27 15:06:23,581 - Spring Data Redis - Could not safely identify store assignment for repository candidate interface com.zhuhaoran.rebatemall.repository.OrderDetailRepository.
2019-04-27 15:06:23,585 - Spring Data Redis - Could not safely identify store assignment for repository candidate interface com.zhuhaoran.rebatemall.repository.OrderMasterRepository.
2019-04-27 15:06:23,586 - Spring Data Redis - Could not safely identify store assignment for repository candidate interface com.zhuhaoran.rebatemall.repository.ProductCategoryRepository.
2019-04-27 15:06:23,590 - Spring Data Redis - Could not safely identify store assignment for repository candidate interface com.zhuhaoran.rebatemall.repository.ProductInfoRepository.
2019-04-27 15:06:23,596 - Spring Data Redis - Could not safely identify store assignment for repository candidate interface com.zhuhaoran.rebatemall.repository.RebateDetailRepository.
2019-04-27 15:06:23,598 - Spring Data Redis - Could not safely identify store assignment for repository candidate interface com.zhuhaoran.rebatemall.repository.UserInfoRepository.
2019-04-27 15:06:23,601 - Spring Data Redis - Could not safely identify store assignment for repository candidate interface com.zhuhaoran.rebatemall.repository.WalletDetailRepository.
2019-04-27 15:06:23,602 - Spring Data Redis - Could not safely identify store assignment for repository candidate interface com.zhuhaoran.rebatemall.repository.WalletMasterRepository.
2019-04-27 15:06:23,603 - Finished Spring Data repository scanning in 52ms. Found 0 repository interfaces.
2019-04-27 15:06:24,409 - Bean 'org.springframework.transaction.annotation.ProxyTransactionManagementConfiguration' of type [org.springframework.transaction.annotation.ProxyTransactionManagementConfiguration$$EnhancerBySpringCGLIB$$731dd509] is not eligible for getting processed by all BeanPostProcessors (for example: not eligible for auto-proxying)
2019-04-27 15:06:24,820 - Tomcat initialized with port(s): 8080 (http)
2019-04-27 15:06:24,847 - Initializing ProtocolHandler ["http-nio-8080"]
2019-04-27 15:06:24,862 - Starting service [Tomcat]
2019-04-27 15:06:24,863 - Starting Servlet engine: [Apache Tomcat/9.0.16]
2019-04-27 15:06:24,871 - The APR based Apache Tomcat Native library which allows optimal performance in production environments was not found on the java.library.path: [C:\Program Files\Java\jdk1.8.0_181\bin;C:\Windows\Sun\Java\bin;C:\Windows\system32;C:\Windows;C:\Program Files (x86)\Common Files\Oracle\Java\javapath;C:\Windows\system32;C:\Windows;C:\Windows\System32\Wbem;C:\Windows\System32\WindowsPowerShell\v1.0\;C:\Windows\System32\OpenSSH\;C:\Program Files\NVIDIA Corporation\NVIDIA NvDLISR;C:\Program Files (x86)\NVIDIA Corporation\PhysX\Common;C:\Program Files\Intel\WiFi\bin\;C:\Program Files\Common Files\Intel\WirelessCommon\;C:\Program Files\Java\jdk1.8.0_181\bin;C:\Program Files\MySQL\MySQL Utilities 1.6\;D:\maven\apache-maven-3.5.4\bin;D:\tomcat\apache-tomcat-9.0.11\bin;D:\Redis;C:\Users\15522\AppData\Local\Microsoft\WindowsApps;C:\Program Files\Intel\WiFi\bin\;C:\Program Files\Common Files\Intel\WirelessCommon\;.]
2019-04-27 15:06:25,153 - Initializing Spring embedded WebApplicationContext
2019-04-27 15:06:25,153 - Root WebApplicationContext: initialization completed in 3835 ms
2019-04-27 15:06:25,303 - HikariPool-1 - Starting...
2019-04-27 15:06:25,524 - HikariPool-1 - Start completed.
2019-04-27 15:06:25,581 - HHH000204: Processing PersistenceUnitInfo [
	name: default
	...]
2019-04-27 15:06:25,653 - HHH000412: Hibernate Core {5.3.7.Final}
2019-04-27 15:06:25,655 - HHH000206: hibernate.properties not found
2019-04-27 15:06:25,793 - HCANN000001: Hibernate Commons Annotations {5.0.4.Final}
2019-04-27 15:06:25,936 - HHH000400: Using dialect: org.hibernate.dialect.MySQL5Dialect
2019-04-27 15:06:26,734 - Initialized JPA EntityManagerFactory for persistence unit 'default'
2019-04-27 15:06:27,401 - Autowired annotation is not supported on static fields: private static com.zhuhaoran.rebatemall.service.UserInfoService com.zhuhaoran.rebatemall.utils.JudgeSpecialUserUtil.userInfoService
2019-04-27 15:06:27,610 - Initializing ExecutorService 'applicationTaskExecutor'
2019-04-27 15:06:27,649 - spring.jpa.open-in-view is enabled by default. Therefore, database queries may be performed during view rendering. Explicitly configure spring.jpa.open-in-view to disable this warning
2019-04-27 15:06:27,979 - Starting ProtocolHandler ["http-nio-8080"]
2019-04-27 15:06:28,008 - Tomcat started on port(s): 8080 (http) with context path '/rebatemall'
2019-04-27 15:06:28,011 - Started RebatemallApplication in 7.531 seconds (JVM running for 9.3)
2019-04-27 15:07:14,729 - Initializing Spring DispatcherServlet 'dispatcherServlet'
2019-04-27 15:07:14,730 - Initializing Servlet 'dispatcherServlet'
2019-04-27 15:07:14,736 - Completed initialization in 6 ms
2019-04-27 15:07:30,456 - HHH000397: Using ASTQueryTranslatorFactory
2019-04-27 15:09:01,057 - Starting RebatemallApplication on DESKTOP-6P4NVVT with PID 6964 (D:\IdeaProjects\rebateMall\target\classes started by 15522 in D:\IdeaProjects\rebateMall)
2019-04-27 15:09:01,061 - No active profile set, falling back to default profiles: default
2019-04-27 15:09:02,977 - Multiple Spring Data modules found, entering strict repository configuration mode!
2019-04-27 15:09:02,978 - Bootstrapping Spring Data repositories in DEFAULT mode.
2019-04-27 15:09:03,183 - Finished Spring Data repository scanning in 187ms. Found 9 repository interfaces.
2019-04-27 15:09:03,209 - Multiple Spring Data modules found, entering strict repository configuration mode!
2019-04-27 15:09:03,211 - Bootstrapping Spring Data repositories in DEFAULT mode.
2019-04-27 15:09:03,235 - Spring Data Redis - Could not safely identify store assignment for repository candidate interface com.zhuhaoran.rebatemall.repository.DeliveryAddressRepository.
2019-04-27 15:09:03,237 - Spring Data Redis - Could not safely identify store assignment for repository candidate interface com.zhuhaoran.rebatemall.repository.OrderDetailRepository.
2019-04-27 15:09:03,238 - Spring Data Redis - Could not safely identify store assignment for repository candidate interface com.zhuhaoran.rebatemall.repository.OrderMasterRepository.
2019-04-27 15:09:03,239 - Spring Data Redis - Could not safely identify store assignment for repository candidate interface com.zhuhaoran.rebatemall.repository.ProductCategoryRepository.
2019-04-27 15:09:03,240 - Spring Data Redis - Could not safely identify store assignment for repository candidate interface com.zhuhaoran.rebatemall.repository.ProductInfoRepository.
2019-04-27 15:09:03,242 - Spring Data Redis - Could not safely identify store assignment for repository candidate interface com.zhuhaoran.rebatemall.repository.RebateDetailRepository.
2019-04-27 15:09:03,243 - Spring Data Redis - Could not safely identify store assignment for repository candidate interface com.zhuhaoran.rebatemall.repository.UserInfoRepository.
2019-04-27 15:09:03,244 - Spring Data Redis - Could not safely identify store assignment for repository candidate interface com.zhuhaoran.rebatemall.repository.WalletDetailRepository.
2019-04-27 15:09:03,245 - Spring Data Redis - Could not safely identify store assignment for repository candidate interface com.zhuhaoran.rebatemall.repository.WalletMasterRepository.
2019-04-27 15:09:03,245 - Finished Spring Data repository scanning in 22ms. Found 0 repository interfaces.
2019-04-27 15:09:03,747 - Bean 'org.springframework.transaction.annotation.ProxyTransactionManagementConfiguration' of type [org.springframework.transaction.annotation.ProxyTransactionManagementConfiguration$$EnhancerBySpringCGLIB$$15a91c97] is not eligible for getting processed by all BeanPostProcessors (for example: not eligible for auto-proxying)
2019-04-27 15:09:04,111 - Tomcat initialized with port(s): 8080 (http)
2019-04-27 15:09:04,125 - Initializing ProtocolHandler ["http-nio-8080"]
2019-04-27 15:09:04,134 - Starting service [Tomcat]
2019-04-27 15:09:04,135 - Starting Servlet engine: [Apache Tomcat/9.0.16]
2019-04-27 15:09:04,142 - The APR based Apache Tomcat Native library which allows optimal performance in production environments was not found on the java.library.path: [C:\Program Files\Java\jdk1.8.0_181\bin;C:\Windows\Sun\Java\bin;C:\Windows\system32;C:\Windows;C:\Program Files (x86)\Common Files\Oracle\Java\javapath;C:\Windows\system32;C:\Windows;C:\Windows\System32\Wbem;C:\Windows\System32\WindowsPowerShell\v1.0\;C:\Windows\System32\OpenSSH\;C:\Program Files\NVIDIA Corporation\NVIDIA NvDLISR;C:\Program Files (x86)\NVIDIA Corporation\PhysX\Common;C:\Program Files\Intel\WiFi\bin\;C:\Program Files\Common Files\Intel\WirelessCommon\;C:\Program Files\Java\jdk1.8.0_181\bin;C:\Program Files\MySQL\MySQL Utilities 1.6\;D:\maven\apache-maven-3.5.4\bin;D:\tomcat\apache-tomcat-9.0.11\bin;D:\Redis;C:\Users\15522\AppData\Local\Microsoft\WindowsApps;C:\Program Files\Intel\WiFi\bin\;C:\Program Files\Common Files\Intel\WirelessCommon\;.]
2019-04-27 15:09:04,477 - Initializing Spring embedded WebApplicationContext
2019-04-27 15:09:04,478 - Root WebApplicationContext: initialization completed in 3253 ms
2019-04-27 15:09:04,735 - HikariPool-1 - Starting...
2019-04-27 15:09:04,967 - HikariPool-1 - Start completed.
2019-04-27 15:09:05,041 - HHH000204: Processing PersistenceUnitInfo [
	name: default
	...]
2019-04-27 15:09:05,133 - HHH000412: Hibernate Core {5.3.7.Final}
2019-04-27 15:09:05,135 - HHH000206: hibernate.properties not found
2019-04-27 15:09:05,289 - HCANN000001: Hibernate Commons Annotations {5.0.4.Final}
2019-04-27 15:09:05,437 - HHH000400: Using dialect: org.hibernate.dialect.MySQL5Dialect
2019-04-27 15:09:06,220 - Initialized JPA EntityManagerFactory for persistence unit 'default'
2019-04-27 15:09:06,966 - Autowired annotation is not supported on static fields: private static com.zhuhaoran.rebatemall.service.UserInfoService com.zhuhaoran.rebatemall.utils.JudgeSpecialUserUtil.userInfoService
2019-04-27 15:09:07,163 - Initializing ExecutorService 'applicationTaskExecutor'
2019-04-27 15:09:07,207 - spring.jpa.open-in-view is enabled by default. Therefore, database queries may be performed during view rendering. Explicitly configure spring.jpa.open-in-view to disable this warning
2019-04-27 15:09:07,569 - Starting ProtocolHandler ["http-nio-8080"]
2019-04-27 15:09:07,593 - Tomcat started on port(s): 8080 (http) with context path '/rebatemall'
2019-04-27 15:09:07,596 - Started RebatemallApplication in 7.494 seconds (JVM running for 9.319)
2019-04-27 15:09:11,671 - Initializing Spring DispatcherServlet 'dispatcherServlet'
2019-04-27 15:09:11,672 - Initializing Servlet 'dispatcherServlet'
2019-04-27 15:09:11,695 - Completed initialization in 23 ms
2019-04-27 15:09:12,120 - HHH000397: Using ASTQueryTranslatorFactory
2019-04-27 15:09:46,924 - Starting RebatemallApplication on DESKTOP-6P4NVVT with PID 12592 (D:\IdeaProjects\rebateMall\target\classes started by 15522 in D:\IdeaProjects\rebateMall)
2019-04-27 15:09:46,929 - No active profile set, falling back to default profiles: default
2019-04-27 15:09:48,595 - Multiple Spring Data modules found, entering strict repository configuration mode!
2019-04-27 15:09:48,595 - Bootstrapping Spring Data repositories in DEFAULT mode.
2019-04-27 15:09:48,724 - Finished Spring Data repository scanning in 123ms. Found 9 repository interfaces.
2019-04-27 15:09:48,736 - Multiple Spring Data modules found, entering strict repository configuration mode!
2019-04-27 15:09:48,737 - Bootstrapping Spring Data repositories in DEFAULT mode.
2019-04-27 15:09:48,753 - Spring Data Redis - Could not safely identify store assignment for repository candidate interface com.zhuhaoran.rebatemall.repository.DeliveryAddressRepository.
2019-04-27 15:09:48,754 - Spring Data Redis - Could not safely identify store assignment for repository candidate interface com.zhuhaoran.rebatemall.repository.OrderDetailRepository.
2019-04-27 15:09:48,755 - Spring Data Redis - Could not safely identify store assignment for repository candidate interface com.zhuhaoran.rebatemall.repository.OrderMasterRepository.
2019-04-27 15:09:48,755 - Spring Data Redis - Could not safely identify store assignment for repository candidate interface com.zhuhaoran.rebatemall.repository.ProductCategoryRepository.
2019-04-27 15:09:48,755 - Spring Data Redis - Could not safely identify store assignment for repository candidate interface com.zhuhaoran.rebatemall.repository.ProductInfoRepository.
2019-04-27 15:09:48,756 - Spring Data Redis - Could not safely identify store assignment for repository candidate interface com.zhuhaoran.rebatemall.repository.RebateDetailRepository.
2019-04-27 15:09:48,756 - Spring Data Redis - Could not safely identify store assignment for repository candidate interface com.zhuhaoran.rebatemall.repository.UserInfoRepository.
2019-04-27 15:09:48,756 - Spring Data Redis - Could not safely identify store assignment for repository candidate interface com.zhuhaoran.rebatemall.repository.WalletDetailRepository.
2019-04-27 15:09:48,757 - Spring Data Redis - Could not safely identify store assignment for repository candidate interface com.zhuhaoran.rebatemall.repository.WalletMasterRepository.
2019-04-27 15:09:48,757 - Finished Spring Data repository scanning in 12ms. Found 0 repository interfaces.
2019-04-27 15:09:49,089 - Bean 'org.springframework.transaction.annotation.ProxyTransactionManagementConfiguration' of type [org.springframework.transaction.annotation.ProxyTransactionManagementConfiguration$$EnhancerBySpringCGLIB$$1e0802f7] is not eligible for getting processed by all BeanPostProcessors (for example: not eligible for auto-proxying)
2019-04-27 15:09:49,430 - Tomcat initialized with port(s): 8080 (http)
2019-04-27 15:09:49,442 - Initializing ProtocolHandler ["http-nio-8080"]
2019-04-27 15:09:49,452 - Starting service [Tomcat]
2019-04-27 15:09:49,452 - Starting Servlet engine: [Apache Tomcat/9.0.16]
2019-04-27 15:09:49,458 - The APR based Apache Tomcat Native library which allows optimal performance in production environments was not found on the java.library.path: [C:\Program Files\Java\jdk1.8.0_181\bin;C:\Windows\Sun\Java\bin;C:\Windows\system32;C:\Windows;C:\Program Files (x86)\Common Files\Oracle\Java\javapath;C:\Windows\system32;C:\Windows;C:\Windows\System32\Wbem;C:\Windows\System32\WindowsPowerShell\v1.0\;C:\Windows\System32\OpenSSH\;C:\Program Files\NVIDIA Corporation\NVIDIA NvDLISR;C:\Program Files (x86)\NVIDIA Corporation\PhysX\Common;C:\Program Files\Intel\WiFi\bin\;C:\Program Files\Common Files\Intel\WirelessCommon\;C:\Program Files\Java\jdk1.8.0_181\bin;C:\Program Files\MySQL\MySQL Utilities 1.6\;D:\maven\apache-maven-3.5.4\bin;D:\tomcat\apache-tomcat-9.0.11\bin;D:\Redis;C:\Users\15522\AppData\Local\Microsoft\WindowsApps;C:\Program Files\Intel\WiFi\bin\;C:\Program Files\Common Files\Intel\WirelessCommon\;.]
2019-04-27 15:09:49,693 - Initializing Spring embedded WebApplicationContext
2019-04-27 15:09:49,694 - Root WebApplicationContext: initialization completed in 2589 ms
2019-04-27 15:09:49,836 - HikariPool-1 - Starting...
2019-04-27 15:09:50,044 - HikariPool-1 - Start completed.
2019-04-27 15:09:50,106 - HHH000204: Processing PersistenceUnitInfo [
	name: default
	...]
2019-04-27 15:09:50,186 - HHH000412: Hibernate Core {5.3.7.Final}
2019-04-27 15:09:50,187 - HHH000206: hibernate.properties not found
2019-04-27 15:09:50,327 - HCANN000001: Hibernate Commons Annotations {5.0.4.Final}
2019-04-27 15:09:50,465 - HHH000400: Using dialect: org.hibernate.dialect.MySQL5Dialect
2019-04-27 15:09:51,213 - Initialized JPA EntityManagerFactory for persistence unit 'default'
2019-04-27 15:09:51,861 - Autowired annotation is not supported on static fields: private static com.zhuhaoran.rebatemall.service.UserInfoService com.zhuhaoran.rebatemall.utils.JudgeSpecialUserUtil.userInfoService
2019-04-27 15:09:52,059 - Initializing ExecutorService 'applicationTaskExecutor'
2019-04-27 15:09:52,095 - spring.jpa.open-in-view is enabled by default. Therefore, database queries may be performed during view rendering. Explicitly configure spring.jpa.open-in-view to disable this warning
2019-04-27 15:09:52,414 - Starting ProtocolHandler ["http-nio-8080"]
2019-04-27 15:09:52,438 - Tomcat started on port(s): 8080 (http) with context path '/rebatemall'
2019-04-27 15:09:52,440 - Started RebatemallApplication in 6.304 seconds (JVM running for 8.062)
2019-04-27 15:10:06,910 - Initializing Spring DispatcherServlet 'dispatcherServlet'
2019-04-27 15:10:06,911 - Initializing Servlet 'dispatcherServlet'
2019-04-27 15:10:06,922 - Completed initialization in 11 ms
2019-04-27 15:10:07,193 - HHH000397: Using ASTQueryTranslatorFactory
2019-04-27 15:47:22,021 - Starting RebatemallApplication on DESKTOP-6P4NVVT with PID 8388 (D:\IdeaProjects\rebateMall\target\classes started by 15522 in D:\IdeaProjects\rebateMall)
2019-04-27 15:47:22,025 - No active profile set, falling back to default profiles: default
2019-04-27 15:47:23,737 - Multiple Spring Data modules found, entering strict repository configuration mode!
2019-04-27 15:47:23,737 - Bootstrapping Spring Data repositories in DEFAULT mode.
2019-04-27 15:47:23,901 - Finished Spring Data repository scanning in 158ms. Found 9 repository interfaces.
2019-04-27 15:47:23,915 - Multiple Spring Data modules found, entering strict repository configuration mode!
2019-04-27 15:47:23,917 - Bootstrapping Spring Data repositories in DEFAULT mode.
2019-04-27 15:47:23,940 - Spring Data Redis - Could not safely identify store assignment for repository candidate interface com.zhuhaoran.rebatemall.repository.DeliveryAddressRepository.
2019-04-27 15:47:23,942 - Spring Data Redis - Could not safely identify store assignment for repository candidate interface com.zhuhaoran.rebatemall.repository.OrderDetailRepository.
2019-04-27 15:47:23,943 - Spring Data Redis - Could not safely identify store assignment for repository candidate interface com.zhuhaoran.rebatemall.repository.OrderMasterRepository.
2019-04-27 15:47:23,945 - Spring Data Redis - Could not safely identify store assignment for repository candidate interface com.zhuhaoran.rebatemall.repository.ProductCategoryRepository.
2019-04-27 15:47:23,946 - Spring Data Redis - Could not safely identify store assignment for repository candidate interface com.zhuhaoran.rebatemall.repository.ProductInfoRepository.
2019-04-27 15:47:23,947 - Spring Data Redis - Could not safely identify store assignment for repository candidate interface com.zhuhaoran.rebatemall.repository.RebateDetailRepository.
2019-04-27 15:47:23,949 - Spring Data Redis - Could not safely identify store assignment for repository candidate interface com.zhuhaoran.rebatemall.repository.UserInfoRepository.
2019-04-27 15:47:23,950 - Spring Data Redis - Could not safely identify store assignment for repository candidate interface com.zhuhaoran.rebatemall.repository.WalletDetailRepository.
2019-04-27 15:47:23,952 - Spring Data Redis - Could not safely identify store assignment for repository candidate interface com.zhuhaoran.rebatemall.repository.WalletMasterRepository.
2019-04-27 15:47:23,953 - Finished Spring Data repository scanning in 25ms. Found 0 repository interfaces.
2019-04-27 15:47:24,423 - Bean 'org.springframework.transaction.annotation.ProxyTransactionManagementConfiguration' of type [org.springframework.transaction.annotation.ProxyTransactionManagementConfiguration$$EnhancerBySpringCGLIB$$40c330c3] is not eligible for getting processed by all BeanPostProcessors (for example: not eligible for auto-proxying)
2019-04-27 15:47:24,887 - Tomcat initialized with port(s): 8080 (http)
2019-04-27 15:47:24,904 - Initializing ProtocolHandler ["http-nio-8080"]
2019-04-27 15:47:24,915 - Starting service [Tomcat]
2019-04-27 15:47:24,915 - Starting Servlet engine: [Apache Tomcat/9.0.16]
2019-04-27 15:47:24,925 - The APR based Apache Tomcat Native library which allows optimal performance in production environments was not found on the java.library.path: [C:\Program Files\Java\jdk1.8.0_181\bin;C:\Windows\Sun\Java\bin;C:\Windows\system32;C:\Windows;C:\Program Files (x86)\Common Files\Oracle\Java\javapath;C:\Windows\system32;C:\Windows;C:\Windows\System32\Wbem;C:\Windows\System32\WindowsPowerShell\v1.0\;C:\Windows\System32\OpenSSH\;C:\Program Files\NVIDIA Corporation\NVIDIA NvDLISR;C:\Program Files (x86)\NVIDIA Corporation\PhysX\Common;C:\Program Files\Intel\WiFi\bin\;C:\Program Files\Common Files\Intel\WirelessCommon\;C:\Program Files\Java\jdk1.8.0_181\bin;C:\Program Files\MySQL\MySQL Utilities 1.6\;D:\maven\apache-maven-3.5.4\bin;D:\tomcat\apache-tomcat-9.0.11\bin;D:\Redis;C:\Users\15522\AppData\Local\Microsoft\WindowsApps;C:\Program Files\Intel\WiFi\bin\;C:\Program Files\Common Files\Intel\WirelessCommon\;.]
2019-04-27 15:47:25,200 - Initializing Spring embedded WebApplicationContext
2019-04-27 15:47:25,201 - Root WebApplicationContext: initialization completed in 3013 ms
2019-04-27 15:47:25,375 - HikariPool-1 - Starting...
2019-04-27 15:47:25,696 - HikariPool-1 - Start completed.
2019-04-27 15:47:25,746 - HHH000204: Processing PersistenceUnitInfo [
	name: default
	...]
2019-04-27 15:47:25,845 - HHH000412: Hibernate Core {5.3.7.Final}
2019-04-27 15:47:25,847 - HHH000206: hibernate.properties not found
2019-04-27 15:47:26,058 - HCANN000001: Hibernate Commons Annotations {5.0.4.Final}
2019-04-27 15:47:26,237 - HHH000400: Using dialect: org.hibernate.dialect.MySQL5Dialect
2019-04-27 15:47:26,971 - Initialized JPA EntityManagerFactory for persistence unit 'default'
2019-04-27 15:47:27,875 - Autowired annotation is not supported on static fields: private static com.zhuhaoran.rebatemall.service.UserInfoService com.zhuhaoran.rebatemall.utils.JudgeSpecialUserUtil.userInfoService
2019-04-27 15:47:28,072 - Initializing ExecutorService 'applicationTaskExecutor'
2019-04-27 15:47:28,111 - spring.jpa.open-in-view is enabled by default. Therefore, database queries may be performed during view rendering. Explicitly configure spring.jpa.open-in-view to disable this warning
2019-04-27 15:47:28,436 - Starting ProtocolHandler ["http-nio-8080"]
2019-04-27 15:47:28,470 - Tomcat started on port(s): 8080 (http) with context path '/rebatemall'
2019-04-27 15:47:28,473 - Started RebatemallApplication in 7.226 seconds (JVM running for 9.009)
2019-04-27 15:47:40,514 - Initializing Spring DispatcherServlet 'dispatcherServlet'
2019-04-27 15:47:40,514 - Initializing Servlet 'dispatcherServlet'
2019-04-27 15:47:40,526 - Completed initialization in 12 ms
2019-04-27 15:47:40,806 - HHH000397: Using ASTQueryTranslatorFactory
2019-04-27 15:48:14,584 - Starting RebatemallApplication on DESKTOP-6P4NVVT with PID 12948 (D:\IdeaProjects\rebateMall\target\classes started by 15522 in D:\IdeaProjects\rebateMall)
2019-04-27 15:48:14,589 - No active profile set, falling back to default profiles: default
2019-04-27 15:48:15,622 - Multiple Spring Data modules found, entering strict repository configuration mode!
2019-04-27 15:48:15,622 - Bootstrapping Spring Data repositories in DEFAULT mode.
2019-04-27 15:48:15,753 - Finished Spring Data repository scanning in 124ms. Found 9 repository interfaces.
2019-04-27 15:48:15,780 - Multiple Spring Data modules found, entering strict repository configuration mode!
2019-04-27 15:48:15,781 - Bootstrapping Spring Data repositories in DEFAULT mode.
2019-04-27 15:48:15,799 - Spring Data Redis - Could not safely identify store assignment for repository candidate interface com.zhuhaoran.rebatemall.repository.DeliveryAddressRepository.
2019-04-27 15:48:15,800 - Spring Data Redis - Could not safely identify store assignment for repository candidate interface com.zhuhaoran.rebatemall.repository.OrderDetailRepository.
2019-04-27 15:48:15,801 - Spring Data Redis - Could not safely identify store assignment for repository candidate interface com.zhuhaoran.rebatemall.repository.OrderMasterRepository.
2019-04-27 15:48:15,802 - Spring Data Redis - Could not safely identify store assignment for repository candidate interface com.zhuhaoran.rebatemall.repository.ProductCategoryRepository.
2019-04-27 15:48:15,802 - Spring Data Redis - Could not safely identify store assignment for repository candidate interface com.zhuhaoran.rebatemall.repository.ProductInfoRepository.
2019-04-27 15:48:15,803 - Spring Data Redis - Could not safely identify store assignment for repository candidate interface com.zhuhaoran.rebatemall.repository.RebateDetailRepository.
2019-04-27 15:48:15,804 - Spring Data Redis - Could not safely identify store assignment for repository candidate interface com.zhuhaoran.rebatemall.repository.UserInfoRepository.
2019-04-27 15:48:15,805 - Spring Data Redis - Could not safely identify store assignment for repository candidate interface com.zhuhaoran.rebatemall.repository.WalletDetailRepository.
2019-04-27 15:48:15,805 - Spring Data Redis - Could not safely identify store assignment for repository candidate interface com.zhuhaoran.rebatemall.repository.WalletMasterRepository.
2019-04-27 15:48:15,806 - Finished Spring Data repository scanning in 16ms. Found 0 repository interfaces.
2019-04-27 15:48:16,164 - Bean 'org.springframework.transaction.annotation.ProxyTransactionManagementConfiguration' of type [org.springframework.transaction.annotation.ProxyTransactionManagementConfiguration$$EnhancerBySpringCGLIB$$6979ab71] is not eligible for getting processed by all BeanPostProcessors (for example: not eligible for auto-proxying)
2019-04-27 15:48:16,509 - Tomcat initialized with port(s): 8080 (http)
2019-04-27 15:48:16,529 - Initializing ProtocolHandler ["http-nio-8080"]
2019-04-27 15:48:16,542 - Starting service [Tomcat]
2019-04-27 15:48:16,542 - Starting Servlet engine: [Apache Tomcat/9.0.16]
2019-04-27 15:48:16,549 - The APR based Apache Tomcat Native library which allows optimal performance in production environments was not found on the java.library.path: [C:\Program Files\Java\jdk1.8.0_181\bin;C:\Windows\Sun\Java\bin;C:\Windows\system32;C:\Windows;C:\Program Files (x86)\Common Files\Oracle\Java\javapath;C:\Windows\system32;C:\Windows;C:\Windows\System32\Wbem;C:\Windows\System32\WindowsPowerShell\v1.0\;C:\Windows\System32\OpenSSH\;C:\Program Files\NVIDIA Corporation\NVIDIA NvDLISR;C:\Program Files (x86)\NVIDIA Corporation\PhysX\Common;C:\Program Files\Intel\WiFi\bin\;C:\Program Files\Common Files\Intel\WirelessCommon\;C:\Program Files\Java\jdk1.8.0_181\bin;C:\Program Files\MySQL\MySQL Utilities 1.6\;D:\maven\apache-maven-3.5.4\bin;D:\tomcat\apache-tomcat-9.0.11\bin;D:\Redis;C:\Users\15522\AppData\Local\Microsoft\WindowsApps;C:\Program Files\Intel\WiFi\bin\;C:\Program Files\Common Files\Intel\WirelessCommon\;.]
2019-04-27 15:48:16,830 - Initializing Spring embedded WebApplicationContext
2019-04-27 15:48:16,831 - Root WebApplicationContext: initialization completed in 2133 ms
2019-04-27 15:48:17,026 - HikariPool-1 - Starting...
2019-04-27 15:48:17,332 - HikariPool-1 - Start completed.
2019-04-27 15:48:17,456 - HHH000204: Processing PersistenceUnitInfo [
	name: default
	...]
2019-04-27 15:48:17,560 - HHH000412: Hibernate Core {5.3.7.Final}
2019-04-27 15:48:17,562 - HHH000206: hibernate.properties not found
2019-04-27 15:48:17,701 - HCANN000001: Hibernate Commons Annotations {5.0.4.Final}
2019-04-27 15:48:17,868 - HHH000400: Using dialect: org.hibernate.dialect.MySQL5Dialect
2019-04-27 15:48:18,596 - Initialized JPA EntityManagerFactory for persistence unit 'default'
2019-04-27 15:48:19,180 - Autowired annotation is not supported on static fields: private static com.zhuhaoran.rebatemall.service.UserInfoService com.zhuhaoran.rebatemall.utils.JudgeSpecialUserUtil.userInfoService
2019-04-27 15:48:19,348 - Initializing ExecutorService 'applicationTaskExecutor'
2019-04-27 15:48:19,381 - spring.jpa.open-in-view is enabled by default. Therefore, database queries may be performed during view rendering. Explicitly configure spring.jpa.open-in-view to disable this warning
2019-04-27 15:48:19,674 - Starting ProtocolHandler ["http-nio-8080"]
2019-04-27 15:48:19,697 - Tomcat started on port(s): 8080 (http) with context path '/rebatemall'
2019-04-27 15:48:19,699 - Started RebatemallApplication in 5.817 seconds (JVM running for 7.038)
2019-04-27 15:48:23,914 - Initializing Spring DispatcherServlet 'dispatcherServlet'
2019-04-27 15:48:23,914 - Initializing Servlet 'dispatcherServlet'
2019-04-27 15:48:23,928 - Completed initialization in 14 ms
2019-04-27 15:48:24,225 - HHH000397: Using ASTQueryTranslatorFactory
2019-04-27 15:50:01,186 - Starting RebatemallApplication on DESKTOP-6P4NVVT with PID 10376 (D:\IdeaProjects\rebateMall\target\classes started by 15522 in D:\IdeaProjects\rebateMall)
2019-04-27 15:50:01,191 - No active profile set, falling back to default profiles: default
2019-04-27 15:50:02,205 - Multiple Spring Data modules found, entering strict repository configuration mode!
2019-04-27 15:50:02,206 - Bootstrapping Spring Data repositories in DEFAULT mode.
2019-04-27 15:50:02,314 - Finished Spring Data repository scanning in 103ms. Found 9 repository interfaces.
2019-04-27 15:50:02,335 - Multiple Spring Data modules found, entering strict repository configuration mode!
2019-04-27 15:50:02,337 - Bootstrapping Spring Data repositories in DEFAULT mode.
2019-04-27 15:50:02,355 - Spring Data Redis - Could not safely identify store assignment for repository candidate interface com.zhuhaoran.rebatemall.repository.DeliveryAddressRepository.
2019-04-27 15:50:02,356 - Spring Data Redis - Could not safely identify store assignment for repository candidate interface com.zhuhaoran.rebatemall.repository.OrderDetailRepository.
2019-04-27 15:50:02,357 - Spring Data Redis - Could not safely identify store assignment for repository candidate interface com.zhuhaoran.rebatemall.repository.OrderMasterRepository.
2019-04-27 15:50:02,357 - Spring Data Redis - Could not safely identify store assignment for repository candidate interface com.zhuhaoran.rebatemall.repository.ProductCategoryRepository.
2019-04-27 15:50:02,358 - Spring Data Redis - Could not safely identify store assignment for repository candidate interface com.zhuhaoran.rebatemall.repository.ProductInfoRepository.
2019-04-27 15:50:02,358 - Spring Data Redis - Could not safely identify store assignment for repository candidate interface com.zhuhaoran.rebatemall.repository.RebateDetailRepository.
2019-04-27 15:50:02,359 - Spring Data Redis - Could not safely identify store assignment for repository candidate interface com.zhuhaoran.rebatemall.repository.UserInfoRepository.
2019-04-27 15:50:02,359 - Spring Data Redis - Could not safely identify store assignment for repository candidate interface com.zhuhaoran.rebatemall.repository.WalletDetailRepository.
2019-04-27 15:50:02,360 - Spring Data Redis - Could not safely identify store assignment for repository candidate interface com.zhuhaoran.rebatemall.repository.WalletMasterRepository.
2019-04-27 15:50:02,360 - Finished Spring Data repository scanning in 13ms. Found 0 repository interfaces.
2019-04-27 15:50:02,701 - Bean 'org.springframework.transaction.annotation.ProxyTransactionManagementConfiguration' of type [org.springframework.transaction.annotation.ProxyTransactionManagementConfiguration$$EnhancerBySpringCGLIB$$bcdbc26e] is not eligible for getting processed by all BeanPostProcessors (for example: not eligible for auto-proxying)
2019-04-27 15:50:03,021 - Tomcat initialized with port(s): 8080 (http)
2019-04-27 15:50:03,033 - Initializing ProtocolHandler ["http-nio-8080"]
2019-04-27 15:50:03,042 - Starting service [Tomcat]
2019-04-27 15:50:03,043 - Starting Servlet engine: [Apache Tomcat/9.0.16]
2019-04-27 15:50:03,049 - The APR based Apache Tomcat Native library which allows optimal performance in production environments was not found on the java.library.path: [C:\Program Files\Java\jdk1.8.0_181\bin;C:\Windows\Sun\Java\bin;C:\Windows\system32;C:\Windows;C:\Program Files (x86)\Common Files\Oracle\Java\javapath;C:\Windows\system32;C:\Windows;C:\Windows\System32\Wbem;C:\Windows\System32\WindowsPowerShell\v1.0\;C:\Windows\System32\OpenSSH\;C:\Program Files\NVIDIA Corporation\NVIDIA NvDLISR;C:\Program Files (x86)\NVIDIA Corporation\PhysX\Common;C:\Program Files\Intel\WiFi\bin\;C:\Program Files\Common Files\Intel\WirelessCommon\;C:\Program Files\Java\jdk1.8.0_181\bin;C:\Program Files\MySQL\MySQL Utilities 1.6\;D:\maven\apache-maven-3.5.4\bin;D:\tomcat\apache-tomcat-9.0.11\bin;D:\Redis;C:\Users\15522\AppData\Local\Microsoft\WindowsApps;C:\Program Files\Intel\WiFi\bin\;C:\Program Files\Common Files\Intel\WirelessCommon\;.]
2019-04-27 15:50:03,379 - Initializing Spring embedded WebApplicationContext
2019-04-27 15:50:03,380 - Root WebApplicationContext: initialization completed in 2051 ms
2019-04-27 15:50:03,517 - HikariPool-1 - Starting...
2019-04-27 15:50:03,794 - HikariPool-1 - Start completed.
2019-04-27 15:50:03,894 - HHH000204: Processing PersistenceUnitInfo [
	name: default
	...]
2019-04-27 15:50:04,063 - HHH000412: Hibernate Core {5.3.7.Final}
2019-04-27 15:50:04,066 - HHH000206: hibernate.properties not found
2019-04-27 15:50:04,197 - HCANN000001: Hibernate Commons Annotations {5.0.4.Final}
2019-04-27 15:50:04,335 - HHH000400: Using dialect: org.hibernate.dialect.MySQL5Dialect
2019-04-27 15:50:05,037 - Initialized JPA EntityManagerFactory for persistence unit 'default'
2019-04-27 15:50:05,698 - Autowired annotation is not supported on static fields: private static com.zhuhaoran.rebatemall.service.UserInfoService com.zhuhaoran.rebatemall.utils.JudgeSpecialUserUtil.userInfoService
2019-04-27 15:50:05,871 - Initializing ExecutorService 'applicationTaskExecutor'
2019-04-27 15:50:05,909 - spring.jpa.open-in-view is enabled by default. Therefore, database queries may be performed during view rendering. Explicitly configure spring.jpa.open-in-view to disable this warning
2019-04-27 15:50:06,252 - Starting ProtocolHandler ["http-nio-8080"]
2019-04-27 15:50:06,276 - Tomcat started on port(s): 8080 (http) with context path '/rebatemall'
2019-04-27 15:50:06,278 - Started RebatemallApplication in 5.814 seconds (JVM running for 7.192)
2019-04-27 15:50:09,439 - Initializing Spring DispatcherServlet 'dispatcherServlet'
2019-04-27 15:50:09,440 - Initializing Servlet 'dispatcherServlet'
2019-04-27 15:50:09,458 - Completed initialization in 17 ms
2019-04-27 15:50:09,767 - HHH000397: Using ASTQueryTranslatorFactory
2019-04-27 15:58:06,327 - Starting RebatemallApplication on DESKTOP-6P4NVVT with PID 11292 (D:\IdeaProjects\rebateMall\target\classes started by 15522 in D:\IdeaProjects\rebateMall)
2019-04-27 15:58:06,331 - No active profile set, falling back to default profiles: default
2019-04-27 15:58:07,701 - Multiple Spring Data modules found, entering strict repository configuration mode!
2019-04-27 15:58:07,701 - Bootstrapping Spring Data repositories in DEFAULT mode.
2019-04-27 15:58:07,818 - Finished Spring Data repository scanning in 107ms. Found 9 repository interfaces.
2019-04-27 15:58:07,840 - Multiple Spring Data modules found, entering strict repository configuration mode!
2019-04-27 15:58:07,841 - Bootstrapping Spring Data repositories in DEFAULT mode.
2019-04-27 15:58:07,856 - Spring Data Redis - Could not safely identify store assignment for repository candidate interface com.zhuhaoran.rebatemall.repository.DeliveryAddressRepository.
2019-04-27 15:58:07,857 - Spring Data Redis - Could not safely identify store assignment for repository candidate interface com.zhuhaoran.rebatemall.repository.OrderDetailRepository.
2019-04-27 15:58:07,858 - Spring Data Redis - Could not safely identify store assignment for repository candidate interface com.zhuhaoran.rebatemall.repository.OrderMasterRepository.
2019-04-27 15:58:07,858 - Spring Data Redis - Could not safely identify store assignment for repository candidate interface com.zhuhaoran.rebatemall.repository.ProductCategoryRepository.
2019-04-27 15:58:07,859 - Spring Data Redis - Could not safely identify store assignment for repository candidate interface com.zhuhaoran.rebatemall.repository.ProductInfoRepository.
2019-04-27 15:58:07,859 - Spring Data Redis - Could not safely identify store assignment for repository candidate interface com.zhuhaoran.rebatemall.repository.RebateDetailRepository.
2019-04-27 15:58:07,860 - Spring Data Redis - Could not safely identify store assignment for repository candidate interface com.zhuhaoran.rebatemall.repository.UserInfoRepository.
2019-04-27 15:58:07,860 - Spring Data Redis - Could not safely identify store assignment for repository candidate interface com.zhuhaoran.rebatemall.repository.WalletDetailRepository.
2019-04-27 15:58:07,860 - Spring Data Redis - Could not safely identify store assignment for repository candidate interface com.zhuhaoran.rebatemall.repository.WalletMasterRepository.
2019-04-27 15:58:07,861 - Finished Spring Data repository scanning in 13ms. Found 0 repository interfaces.
2019-04-27 15:58:08,207 - Bean 'org.springframework.transaction.annotation.ProxyTransactionManagementConfiguration' of type [org.springframework.transaction.annotation.ProxyTransactionManagementConfiguration$$EnhancerBySpringCGLIB$$2d2f5bec] is not eligible for getting processed by all BeanPostProcessors (for example: not eligible for auto-proxying)
2019-04-27 15:58:08,530 - Tomcat initialized with port(s): 8080 (http)
2019-04-27 15:58:08,543 - Initializing ProtocolHandler ["http-nio-8080"]
2019-04-27 15:58:08,552 - Starting service [Tomcat]
2019-04-27 15:58:08,552 - Starting Servlet engine: [Apache Tomcat/9.0.16]
2019-04-27 15:58:08,558 - The APR based Apache Tomcat Native library which allows optimal performance in production environments was not found on the java.library.path: [C:\Program Files\Java\jdk1.8.0_181\bin;C:\Windows\Sun\Java\bin;C:\Windows\system32;C:\Windows;C:\Program Files (x86)\Common Files\Oracle\Java\javapath;C:\Windows\system32;C:\Windows;C:\Windows\System32\Wbem;C:\Windows\System32\WindowsPowerShell\v1.0\;C:\Windows\System32\OpenSSH\;C:\Program Files\NVIDIA Corporation\NVIDIA NvDLISR;C:\Program Files (x86)\NVIDIA Corporation\PhysX\Common;C:\Program Files\Intel\WiFi\bin\;C:\Program Files\Common Files\Intel\WirelessCommon\;C:\Program Files\Java\jdk1.8.0_181\bin;C:\Program Files\MySQL\MySQL Utilities 1.6\;D:\maven\apache-maven-3.5.4\bin;D:\tomcat\apache-tomcat-9.0.11\bin;D:\Redis;C:\Users\15522\AppData\Local\Microsoft\WindowsApps;C:\Program Files\Intel\WiFi\bin\;C:\Program Files\Common Files\Intel\WirelessCommon\;.]
2019-04-27 15:58:16,566 - Starting RebatemallApplication on DESKTOP-6P4NVVT with PID 9716 (D:\IdeaProjects\rebateMall\target\classes started by 15522 in D:\IdeaProjects\rebateMall)
2019-04-27 15:58:16,570 - No active profile set, falling back to default profiles: default
2019-04-27 15:58:17,659 - Multiple Spring Data modules found, entering strict repository configuration mode!
2019-04-27 15:58:17,660 - Bootstrapping Spring Data repositories in DEFAULT mode.
2019-04-27 15:58:17,808 - Finished Spring Data repository scanning in 127ms. Found 9 repository interfaces.
2019-04-27 15:58:17,823 - Multiple Spring Data modules found, entering strict repository configuration mode!
2019-04-27 15:58:17,825 - Bootstrapping Spring Data repositories in DEFAULT mode.
2019-04-27 15:58:17,842 - Spring Data Redis - Could not safely identify store assignment for repository candidate interface com.zhuhaoran.rebatemall.repository.DeliveryAddressRepository.
2019-04-27 15:58:17,843 - Spring Data Redis - Could not safely identify store assignment for repository candidate interface com.zhuhaoran.rebatemall.repository.OrderDetailRepository.
2019-04-27 15:58:17,844 - Spring Data Redis - Could not safely identify store assignment for repository candidate interface com.zhuhaoran.rebatemall.repository.OrderMasterRepository.
2019-04-27 15:58:17,844 - Spring Data Redis - Could not safely identify store assignment for repository candidate interface com.zhuhaoran.rebatemall.repository.ProductCategoryRepository.
2019-04-27 15:58:17,845 - Spring Data Redis - Could not safely identify store assignment for repository candidate interface com.zhuhaoran.rebatemall.repository.ProductInfoRepository.
2019-04-27 15:58:17,845 - Spring Data Redis - Could not safely identify store assignment for repository candidate interface com.zhuhaoran.rebatemall.repository.RebateDetailRepository.
2019-04-27 15:58:17,846 - Spring Data Redis - Could not safely identify store assignment for repository candidate interface com.zhuhaoran.rebatemall.repository.UserInfoRepository.
2019-04-27 15:58:17,846 - Spring Data Redis - Could not safely identify store assignment for repository candidate interface com.zhuhaoran.rebatemall.repository.WalletDetailRepository.
2019-04-27 15:58:17,846 - Spring Data Redis - Could not safely identify store assignment for repository candidate interface com.zhuhaoran.rebatemall.repository.WalletMasterRepository.
2019-04-27 15:58:17,847 - Finished Spring Data repository scanning in 13ms. Found 0 repository interfaces.
2019-04-27 15:58:18,329 - Bean 'org.springframework.transaction.annotation.ProxyTransactionManagementConfiguration' of type [org.springframework.transaction.annotation.ProxyTransactionManagementConfiguration$$EnhancerBySpringCGLIB$$4029223c] is not eligible for getting processed by all BeanPostProcessors (for example: not eligible for auto-proxying)
2019-04-27 15:58:19,006 - Tomcat initialized with port(s): 8080 (http)
2019-04-27 15:58:19,035 - Initializing ProtocolHandler ["http-nio-8080"]
2019-04-27 15:58:19,051 - Starting service [Tomcat]
2019-04-27 15:58:19,051 - Starting Servlet engine: [Apache Tomcat/9.0.16]
2019-04-27 15:58:19,064 - The APR based Apache Tomcat Native library which allows optimal performance in production environments was not found on the java.library.path: [C:\Program Files\Java\jdk1.8.0_181\bin;C:\Windows\Sun\Java\bin;C:\Windows\system32;C:\Windows;C:\Program Files (x86)\Common Files\Oracle\Java\javapath;C:\Windows\system32;C:\Windows;C:\Windows\System32\Wbem;C:\Windows\System32\WindowsPowerShell\v1.0\;C:\Windows\System32\OpenSSH\;C:\Program Files\NVIDIA Corporation\NVIDIA NvDLISR;C:\Program Files (x86)\NVIDIA Corporation\PhysX\Common;C:\Program Files\Intel\WiFi\bin\;C:\Program Files\Common Files\Intel\WirelessCommon\;C:\Program Files\Java\jdk1.8.0_181\bin;C:\Program Files\MySQL\MySQL Utilities 1.6\;D:\maven\apache-maven-3.5.4\bin;D:\tomcat\apache-tomcat-9.0.11\bin;D:\Redis;C:\Users\15522\AppData\Local\Microsoft\WindowsApps;C:\Program Files\Intel\WiFi\bin\;C:\Program Files\Common Files\Intel\WirelessCommon\;.]
2019-04-27 15:58:19,378 - Initializing Spring embedded WebApplicationContext
2019-04-27 15:58:19,378 - Root WebApplicationContext: initialization completed in 2703 ms
2019-04-27 15:58:19,659 - HikariPool-1 - Starting...
2019-04-27 15:58:19,808 - HikariPool-1 - Start completed.
2019-04-27 15:58:19,865 - HHH000204: Processing PersistenceUnitInfo [
	name: default
	...]
2019-04-27 15:58:19,951 - HHH000412: Hibernate Core {5.3.7.Final}
2019-04-27 15:58:19,953 - HHH000206: hibernate.properties not found
2019-04-27 15:58:20,107 - HCANN000001: Hibernate Commons Annotations {5.0.4.Final}
2019-04-27 15:58:20,290 - HHH000400: Using dialect: org.hibernate.dialect.MySQL5Dialect
2019-04-27 15:58:21,126 - Initialized JPA EntityManagerFactory for persistence unit 'default'
2019-04-27 15:58:22,073 - Autowired annotation is not supported on static fields: private static com.zhuhaoran.rebatemall.service.UserInfoService com.zhuhaoran.rebatemall.utils.JudgeSpecialUserUtil.userInfoService
2019-04-27 15:58:22,360 - Initializing ExecutorService 'applicationTaskExecutor'
2019-04-27 15:58:22,426 - spring.jpa.open-in-view is enabled by default. Therefore, database queries may be performed during view rendering. Explicitly configure spring.jpa.open-in-view to disable this warning
2019-04-27 15:58:22,814 - Starting ProtocolHandler ["http-nio-8080"]
2019-04-27 15:58:23,075 - Tomcat started on port(s): 8080 (http) with context path '/rebatemall'
2019-04-27 15:58:23,077 - Started RebatemallApplication in 7.224 seconds (JVM running for 10.794)
2019-04-27 15:58:43,062 - Initializing Spring DispatcherServlet 'dispatcherServlet'
2019-04-27 15:58:43,062 - Initializing Servlet 'dispatcherServlet'
2019-04-27 15:58:43,075 - Completed initialization in 11 ms
2019-04-27 15:58:43,151 - HHH000397: Using ASTQueryTranslatorFactory
2019-04-27 16:01:54,873 - HikariPool-1 - Thread starvation or clock leap detected (housekeeper delta=1m14s446ms824s700ns).
2019-04-27 16:03:22,887 - Shutting down ExecutorService 'applicationTaskExecutor'
2019-04-27 16:03:22,960 - Closing JPA EntityManagerFactory for persistence unit 'default'
2019-04-27 16:03:22,984 - HikariPool-1 - Shutdown initiated...
2019-04-27 16:03:23,020 - HikariPool-1 - Shutdown completed.
2019-04-27 16:06:13,845 - Starting RebatemallApplication on DESKTOP-6P4NVVT with PID 10852 (D:\IdeaProjects\rebateMall\target\classes started by 15522 in D:\IdeaProjects\rebateMall)
2019-04-27 16:06:13,851 - No active profile set, falling back to default profiles: default
2019-04-27 16:06:15,408 - Multiple Spring Data modules found, entering strict repository configuration mode!
2019-04-27 16:06:15,409 - Bootstrapping Spring Data repositories in DEFAULT mode.
2019-04-27 16:06:15,527 - Finished Spring Data repository scanning in 111ms. Found 9 repository interfaces.
2019-04-27 16:06:15,539 - Multiple Spring Data modules found, entering strict repository configuration mode!
2019-04-27 16:06:15,540 - Bootstrapping Spring Data repositories in DEFAULT mode.
2019-04-27 16:06:15,556 - Spring Data Redis - Could not safely identify store assignment for repository candidate interface com.zhuhaoran.rebatemall.repository.DeliveryAddressRepository.
2019-04-27 16:06:15,557 - Spring Data Redis - Could not safely identify store assignment for repository candidate interface com.zhuhaoran.rebatemall.repository.OrderDetailRepository.
2019-04-27 16:06:15,558 - Spring Data Redis - Could not safely identify store assignment for repository candidate interface com.zhuhaoran.rebatemall.repository.OrderMasterRepository.
2019-04-27 16:06:15,558 - Spring Data Redis - Could not safely identify store assignment for repository candidate interface com.zhuhaoran.rebatemall.repository.ProductCategoryRepository.
2019-04-27 16:06:15,559 - Spring Data Redis - Could not safely identify store assignment for repository candidate interface com.zhuhaoran.rebatemall.repository.ProductInfoRepository.
2019-04-27 16:06:15,560 - Spring Data Redis - Could not safely identify store assignment for repository candidate interface com.zhuhaoran.rebatemall.repository.RebateDetailRepository.
2019-04-27 16:06:15,561 - Spring Data Redis - Could not safely identify store assignment for repository candidate interface com.zhuhaoran.rebatemall.repository.UserInfoRepository.
2019-04-27 16:06:15,561 - Spring Data Redis - Could not safely identify store assignment for repository candidate interface com.zhuhaoran.rebatemall.repository.WalletDetailRepository.
2019-04-27 16:06:15,562 - Spring Data Redis - Could not safely identify store assignment for repository candidate interface com.zhuhaoran.rebatemall.repository.WalletMasterRepository.
2019-04-27 16:06:15,562 - Finished Spring Data repository scanning in 14ms. Found 0 repository interfaces.
2019-04-27 16:06:16,010 - Bean 'org.springframework.transaction.annotation.ProxyTransactionManagementConfiguration' of type [org.springframework.transaction.annotation.ProxyTransactionManagementConfiguration$$EnhancerBySpringCGLIB$$354590f2] is not eligible for getting processed by all BeanPostProcessors (for example: not eligible for auto-proxying)
2019-04-27 16:06:16,354 - Tomcat initialized with port(s): 8080 (http)
2019-04-27 16:06:16,366 - Initializing ProtocolHandler ["http-nio-8080"]
2019-04-27 16:06:16,374 - Starting service [Tomcat]
2019-04-27 16:06:16,375 - Starting Servlet engine: [Apache Tomcat/9.0.16]
2019-04-27 16:06:16,381 - The APR based Apache Tomcat Native library which allows optimal performance in production environments was not found on the java.library.path: [C:\Program Files\Java\jdk1.8.0_181\bin;C:\Windows\Sun\Java\bin;C:\Windows\system32;C:\Windows;C:\Program Files (x86)\Common Files\Oracle\Java\javapath;C:\Windows\system32;C:\Windows;C:\Windows\System32\Wbem;C:\Windows\System32\WindowsPowerShell\v1.0\;C:\Windows\System32\OpenSSH\;C:\Program Files\NVIDIA Corporation\NVIDIA NvDLISR;C:\Program Files (x86)\NVIDIA Corporation\PhysX\Common;C:\Program Files\Intel\WiFi\bin\;C:\Program Files\Common Files\Intel\WirelessCommon\;C:\Program Files\Java\jdk1.8.0_181\bin;C:\Program Files\MySQL\MySQL Utilities 1.6\;D:\maven\apache-maven-3.5.4\bin;D:\tomcat\apache-tomcat-9.0.11\bin;D:\Redis;C:\Users\15522\AppData\Local\Microsoft\WindowsApps;C:\Program Files\Intel\WiFi\bin\;C:\Program Files\Common Files\Intel\WirelessCommon\;.]
2019-04-27 16:06:16,720 - Initializing Spring embedded WebApplicationContext
2019-04-27 16:06:16,721 - Root WebApplicationContext: initialization completed in 2686 ms
2019-04-27 16:06:16,901 - HikariPool-1 - Starting...
2019-04-27 16:06:17,131 - HikariPool-1 - Start completed.
2019-04-27 16:06:17,181 - HHH000204: Processing PersistenceUnitInfo [
	name: default
	...]
2019-04-27 16:06:17,246 - HHH000412: Hibernate Core {5.3.7.Final}
2019-04-27 16:06:17,249 - HHH000206: hibernate.properties not found
2019-04-27 16:06:17,418 - HCANN000001: Hibernate Commons Annotations {5.0.4.Final}
2019-04-27 16:06:17,567 - HHH000400: Using dialect: org.hibernate.dialect.MySQL5Dialect
2019-04-27 16:06:18,311 - Initialized JPA EntityManagerFactory for persistence unit 'default'
2019-04-27 16:06:18,924 - Autowired annotation is not supported on static fields: private static com.zhuhaoran.rebatemall.service.UserInfoService com.zhuhaoran.rebatemall.utils.JudgeSpecialUserUtil.userInfoService
2019-04-27 16:06:19,126 - Initializing ExecutorService 'applicationTaskExecutor'
2019-04-27 16:06:19,167 - spring.jpa.open-in-view is enabled by default. Therefore, database queries may be performed during view rendering. Explicitly configure spring.jpa.open-in-view to disable this warning
2019-04-27 16:06:19,545 - Starting ProtocolHandler ["http-nio-8080"]
2019-04-27 16:06:19,569 - Tomcat started on port(s): 8080 (http) with context path '/rebatemall'
2019-04-27 16:06:19,571 - Started RebatemallApplication in 6.447 seconds (JVM running for 7.839)
2019-04-27 16:06:23,880 - Initializing Spring DispatcherServlet 'dispatcherServlet'
2019-04-27 16:06:23,880 - Initializing Servlet 'dispatcherServlet'
2019-04-27 16:06:23,886 - Completed initialization in 6 ms
2019-04-27 16:06:24,156 - HHH000397: Using ASTQueryTranslatorFactory
2019-04-27 16:07:42,255 - Starting RebatemallApplication on DESKTOP-6P4NVVT with PID 12036 (D:\IdeaProjects\rebateMall\target\classes started by 15522 in D:\IdeaProjects\rebateMall)
2019-04-27 16:07:42,260 - No active profile set, falling back to default profiles: default
2019-04-27 16:07:43,652 - Multiple Spring Data modules found, entering strict repository configuration mode!
2019-04-27 16:07:43,653 - Bootstrapping Spring Data repositories in DEFAULT mode.
2019-04-27 16:07:43,804 - Finished Spring Data repository scanning in 143ms. Found 9 repository interfaces.
2019-04-27 16:07:43,815 - Multiple Spring Data modules found, entering strict repository configuration mode!
2019-04-27 16:07:43,816 - Bootstrapping Spring Data repositories in DEFAULT mode.
2019-04-27 16:07:43,831 - Spring Data Redis - Could not safely identify store assignment for repository candidate interface com.zhuhaoran.rebatemall.repository.DeliveryAddressRepository.
2019-04-27 16:07:43,833 - Spring Data Redis - Could not safely identify store assignment for repository candidate interface com.zhuhaoran.rebatemall.repository.OrderDetailRepository.
2019-04-27 16:07:43,833 - Spring Data Redis - Could not safely identify store assignment for repository candidate interface com.zhuhaoran.rebatemall.repository.OrderMasterRepository.
2019-04-27 16:07:43,833 - Spring Data Redis - Could not safely identify store assignment for repository candidate interface com.zhuhaoran.rebatemall.repository.ProductCategoryRepository.
2019-04-27 16:07:43,834 - Spring Data Redis - Could not safely identify store assignment for repository candidate interface com.zhuhaoran.rebatemall.repository.ProductInfoRepository.
2019-04-27 16:07:43,834 - Spring Data Redis - Could not safely identify store assignment for repository candidate interface com.zhuhaoran.rebatemall.repository.RebateDetailRepository.
2019-04-27 16:07:43,834 - Spring Data Redis - Could not safely identify store assignment for repository candidate interface com.zhuhaoran.rebatemall.repository.UserInfoRepository.
2019-04-27 16:07:43,835 - Spring Data Redis - Could not safely identify store assignment for repository candidate interface com.zhuhaoran.rebatemall.repository.WalletDetailRepository.
2019-04-27 16:07:43,835 - Spring Data Redis - Could not safely identify store assignment for repository candidate interface com.zhuhaoran.rebatemall.repository.WalletMasterRepository.
2019-04-27 16:07:43,835 - Finished Spring Data repository scanning in 11ms. Found 0 repository interfaces.
2019-04-27 16:07:44,164 - Bean 'org.springframework.transaction.annotation.ProxyTransactionManagementConfiguration' of type [org.springframework.transaction.annotation.ProxyTransactionManagementConfiguration$$EnhancerBySpringCGLIB$$b4dbe369] is not eligible for getting processed by all BeanPostProcessors (for example: not eligible for auto-proxying)
2019-04-27 16:07:44,554 - Tomcat initialized with port(s): 8080 (http)
2019-04-27 16:07:44,567 - Initializing ProtocolHandler ["http-nio-8080"]
2019-04-27 16:07:44,575 - Starting service [Tomcat]
2019-04-27 16:07:44,575 - Starting Servlet engine: [Apache Tomcat/9.0.16]
2019-04-27 16:07:44,582 - The APR based Apache Tomcat Native library which allows optimal performance in production environments was not found on the java.library.path: [C:\Program Files\Java\jdk1.8.0_181\bin;C:\Windows\Sun\Java\bin;C:\Windows\system32;C:\Windows;C:\Program Files (x86)\Common Files\Oracle\Java\javapath;C:\Windows\system32;C:\Windows;C:\Windows\System32\Wbem;C:\Windows\System32\WindowsPowerShell\v1.0\;C:\Windows\System32\OpenSSH\;C:\Program Files\NVIDIA Corporation\NVIDIA NvDLISR;C:\Program Files (x86)\NVIDIA Corporation\PhysX\Common;C:\Program Files\Intel\WiFi\bin\;C:\Program Files\Common Files\Intel\WirelessCommon\;C:\Program Files\Java\jdk1.8.0_181\bin;C:\Program Files\MySQL\MySQL Utilities 1.6\;D:\maven\apache-maven-3.5.4\bin;D:\tomcat\apache-tomcat-9.0.11\bin;D:\Redis;C:\Users\15522\AppData\Local\Microsoft\WindowsApps;C:\Program Files\Intel\WiFi\bin\;C:\Program Files\Common Files\Intel\WirelessCommon\;.]
2019-04-27 16:07:44,807 - Initializing Spring embedded WebApplicationContext
2019-04-27 16:07:44,807 - Root WebApplicationContext: initialization completed in 2438 ms
2019-04-27 16:07:44,948 - HikariPool-1 - Starting...
2019-04-27 16:07:45,139 - HikariPool-1 - Start completed.
2019-04-27 16:07:45,186 - HHH000204: Processing PersistenceUnitInfo [
	name: default
	...]
2019-04-27 16:07:45,239 - HHH000412: Hibernate Core {5.3.7.Final}
2019-04-27 16:07:45,240 - HHH000206: hibernate.properties not found
2019-04-27 16:07:45,380 - HCANN000001: Hibernate Commons Annotations {5.0.4.Final}
2019-04-27 16:07:45,530 - HHH000400: Using dialect: org.hibernate.dialect.MySQL5Dialect
2019-04-27 16:07:46,385 - Initialized JPA EntityManagerFactory for persistence unit 'default'
2019-04-27 16:07:47,013 - Autowired annotation is not supported on static fields: private static com.zhuhaoran.rebatemall.service.UserInfoService com.zhuhaoran.rebatemall.utils.JudgeSpecialUserUtil.userInfoService
2019-04-27 16:07:47,188 - Initializing ExecutorService 'applicationTaskExecutor'
2019-04-27 16:07:47,228 - spring.jpa.open-in-view is enabled by default. Therefore, database queries may be performed during view rendering. Explicitly configure spring.jpa.open-in-view to disable this warning
2019-04-27 16:07:47,576 - Starting ProtocolHandler ["http-nio-8080"]
2019-04-27 16:07:47,600 - Tomcat started on port(s): 8080 (http) with context path '/rebatemall'
2019-04-27 16:07:47,602 - Started RebatemallApplication in 6.135 seconds (JVM running for 7.86)
2019-04-27 16:07:50,794 - Initializing Spring DispatcherServlet 'dispatcherServlet'
2019-04-27 16:07:50,794 - Initializing Servlet 'dispatcherServlet'
2019-04-27 16:07:50,803 - Completed initialization in 9 ms
2019-04-27 16:07:51,102 - HHH000397: Using ASTQueryTranslatorFactory
2019-04-27 16:08:50,915 - Starting RebatemallApplication on DESKTOP-6P4NVVT with PID 2228 (D:\IdeaProjects\rebateMall\target\classes started by 15522 in D:\IdeaProjects\rebateMall)
2019-04-27 16:08:50,920 - No active profile set, falling back to default profiles: default
2019-04-27 16:08:52,236 - Multiple Spring Data modules found, entering strict repository configuration mode!
2019-04-27 16:08:52,236 - Bootstrapping Spring Data repositories in DEFAULT mode.
2019-04-27 16:08:52,381 - Finished Spring Data repository scanning in 136ms. Found 9 repository interfaces.
2019-04-27 16:08:52,396 - Multiple Spring Data modules found, entering strict repository configuration mode!
2019-04-27 16:08:52,398 - Bootstrapping Spring Data repositories in DEFAULT mode.
2019-04-27 16:08:52,416 - Spring Data Redis - Could not safely identify store assignment for repository candidate interface com.zhuhaoran.rebatemall.repository.DeliveryAddressRepository.
2019-04-27 16:08:52,417 - Spring Data Redis - Could not safely identify store assignment for repository candidate interface com.zhuhaoran.rebatemall.repository.OrderDetailRepository.
2019-04-27 16:08:52,418 - Spring Data Redis - Could not safely identify store assignment for repository candidate interface com.zhuhaoran.rebatemall.repository.OrderMasterRepository.
2019-04-27 16:08:52,419 - Spring Data Redis - Could not safely identify store assignment for repository candidate interface com.zhuhaoran.rebatemall.repository.ProductCategoryRepository.
2019-04-27 16:08:52,419 - Spring Data Redis - Could not safely identify store assignment for repository candidate interface com.zhuhaoran.rebatemall.repository.ProductInfoRepository.
2019-04-27 16:08:52,419 - Spring Data Redis - Could not safely identify store assignment for repository candidate interface com.zhuhaoran.rebatemall.repository.RebateDetailRepository.
2019-04-27 16:08:52,420 - Spring Data Redis - Could not safely identify store assignment for repository candidate interface com.zhuhaoran.rebatemall.repository.UserInfoRepository.
2019-04-27 16:08:52,421 - Spring Data Redis - Could not safely identify store assignment for repository candidate interface com.zhuhaoran.rebatemall.repository.WalletDetailRepository.
2019-04-27 16:08:52,421 - Spring Data Redis - Could not safely identify store assignment for repository candidate interface com.zhuhaoran.rebatemall.repository.WalletMasterRepository.
2019-04-27 16:08:52,421 - Finished Spring Data repository scanning in 13ms. Found 0 repository interfaces.
2019-04-27 16:08:52,848 - Bean 'org.springframework.transaction.annotation.ProxyTransactionManagementConfiguration' of type [org.springframework.transaction.annotation.ProxyTransactionManagementConfiguration$$EnhancerBySpringCGLIB$$9808ae4a] is not eligible for getting processed by all BeanPostProcessors (for example: not eligible for auto-proxying)
2019-04-27 16:08:53,285 - Tomcat initialized with port(s): 8080 (http)
2019-04-27 16:08:53,303 - Initializing ProtocolHandler ["http-nio-8080"]
2019-04-27 16:08:53,313 - Starting service [Tomcat]
2019-04-27 16:08:53,313 - Starting Servlet engine: [Apache Tomcat/9.0.16]
2019-04-27 16:08:53,321 - The APR based Apache Tomcat Native library which allows optimal performance in production environments was not found on the java.library.path: [C:\Program Files\Java\jdk1.8.0_181\bin;C:\Windows\Sun\Java\bin;C:\Windows\system32;C:\Windows;C:\Program Files (x86)\Common Files\Oracle\Java\javapath;C:\Windows\system32;C:\Windows;C:\Windows\System32\Wbem;C:\Windows\System32\WindowsPowerShell\v1.0\;C:\Windows\System32\OpenSSH\;C:\Program Files\NVIDIA Corporation\NVIDIA NvDLISR;C:\Program Files (x86)\NVIDIA Corporation\PhysX\Common;C:\Program Files\Intel\WiFi\bin\;C:\Program Files\Common Files\Intel\WirelessCommon\;C:\Program Files\Java\jdk1.8.0_181\bin;C:\Program Files\MySQL\MySQL Utilities 1.6\;D:\maven\apache-maven-3.5.4\bin;D:\tomcat\apache-tomcat-9.0.11\bin;D:\Redis;C:\Users\15522\AppData\Local\Microsoft\WindowsApps;C:\Program Files\Intel\WiFi\bin\;C:\Program Files\Common Files\Intel\WirelessCommon\;.]
2019-04-27 16:08:53,584 - Initializing Spring embedded WebApplicationContext
2019-04-27 16:08:53,584 - Root WebApplicationContext: initialization completed in 2513 ms
2019-04-27 16:08:53,869 - HikariPool-1 - Starting...
2019-04-27 16:08:54,021 - HikariPool-1 - Start completed.
2019-04-27 16:08:54,120 - HHH000204: Processing PersistenceUnitInfo [
	name: default
	...]
2019-04-27 16:08:54,227 - HHH000412: Hibernate Core {5.3.7.Final}
2019-04-27 16:08:54,229 - HHH000206: hibernate.properties not found
2019-04-27 16:08:54,458 - HCANN000001: Hibernate Commons Annotations {5.0.4.Final}
2019-04-27 16:08:54,683 - HHH000400: Using dialect: org.hibernate.dialect.MySQL5Dialect
2019-04-27 16:08:55,551 - Initialized JPA EntityManagerFactory for persistence unit 'default'
2019-04-27 16:08:56,299 - Autowired annotation is not supported on static fields: private static com.zhuhaoran.rebatemall.service.UserInfoService com.zhuhaoran.rebatemall.utils.JudgeSpecialUserUtil.userInfoService
2019-04-27 16:08:56,548 - Initializing ExecutorService 'applicationTaskExecutor'
2019-04-27 16:08:56,594 - spring.jpa.open-in-view is enabled by default. Therefore, database queries may be performed during view rendering. Explicitly configure spring.jpa.open-in-view to disable this warning
2019-04-27 16:08:57,192 - Starting ProtocolHandler ["http-nio-8080"]
2019-04-27 16:08:57,472 - Tomcat started on port(s): 8080 (http) with context path '/rebatemall'
2019-04-27 16:08:57,476 - Started RebatemallApplication in 7.834 seconds (JVM running for 9.814)
2019-04-27 16:09:01,017 - Initializing Spring DispatcherServlet 'dispatcherServlet'
2019-04-27 16:09:01,017 - Initializing Servlet 'dispatcherServlet'
2019-04-27 16:09:01,025 - Completed initialization in 8 ms
2019-04-27 16:09:01,153 - HHH000397: Using ASTQueryTranslatorFactory
2019-04-27 16:10:32,493 - HikariPool-1 - Thread starvation or clock leap detected (housekeeper delta=51s855ms894s400ns).
2019-04-27 16:10:51,100 - Shutting down ExecutorService 'applicationTaskExecutor'
2019-04-27 16:10:51,133 - Closing JPA EntityManagerFactory for persistence unit 'default'
2019-04-27 16:10:51,147 - HikariPool-1 - Shutdown initiated...
2019-04-27 16:10:51,170 - HikariPool-1 - Shutdown completed.
2019-04-27 16:10:58,991 - Starting RebatemallApplication on DESKTOP-6P4NVVT with PID 7680 (D:\IdeaProjects\rebateMall\target\classes started by 15522 in D:\IdeaProjects\rebateMall)
2019-04-27 16:10:58,996 - No active profile set, falling back to default profiles: default
2019-04-27 16:11:00,706 - Multiple Spring Data modules found, entering strict repository configuration mode!
2019-04-27 16:11:00,707 - Bootstrapping Spring Data repositories in DEFAULT mode.
2019-04-27 16:11:00,943 - Finished Spring Data repository scanning in 223ms. Found 9 repository interfaces.
2019-04-27 16:11:00,967 - Multiple Spring Data modules found, entering strict repository configuration mode!
2019-04-27 16:11:00,968 - Bootstrapping Spring Data repositories in DEFAULT mode.
2019-04-27 16:11:00,995 - Spring Data Redis - Could not safely identify store assignment for repository candidate interface com.zhuhaoran.rebatemall.repository.DeliveryAddressRepository.
2019-04-27 16:11:01,000 - Spring Data Redis - Could not safely identify store assignment for repository candidate interface com.zhuhaoran.rebatemall.repository.OrderDetailRepository.
2019-04-27 16:11:01,001 - Spring Data Redis - Could not safely identify store assignment for repository candidate interface com.zhuhaoran.rebatemall.repository.OrderMasterRepository.
2019-04-27 16:11:01,001 - Spring Data Redis - Could not safely identify store assignment for repository candidate interface com.zhuhaoran.rebatemall.repository.ProductCategoryRepository.
2019-04-27 16:11:01,002 - Spring Data Redis - Could not safely identify store assignment for repository candidate interface com.zhuhaoran.rebatemall.repository.ProductInfoRepository.
2019-04-27 16:11:01,003 - Spring Data Redis - Could not safely identify store assignment for repository candidate interface com.zhuhaoran.rebatemall.repository.RebateDetailRepository.
2019-04-27 16:11:01,005 - Spring Data Redis - Could not safely identify store assignment for repository candidate interface com.zhuhaoran.rebatemall.repository.UserInfoRepository.
2019-04-27 16:11:01,006 - Spring Data Redis - Could not safely identify store assignment for repository candidate interface com.zhuhaoran.rebatemall.repository.WalletDetailRepository.
2019-04-27 16:11:01,007 - Spring Data Redis - Could not safely identify store assignment for repository candidate interface com.zhuhaoran.rebatemall.repository.WalletMasterRepository.
2019-04-27 16:11:01,009 - Finished Spring Data repository scanning in 26ms. Found 0 repository interfaces.
2019-04-27 16:11:01,495 - Bean 'org.springframework.transaction.annotation.ProxyTransactionManagementConfiguration' of type [org.springframework.transaction.annotation.ProxyTransactionManagementConfiguration$$EnhancerBySpringCGLIB$$1a45d638] is not eligible for getting processed by all BeanPostProcessors (for example: not eligible for auto-proxying)
2019-04-27 16:11:02,011 - Tomcat initialized with port(s): 8080 (http)
2019-04-27 16:11:02,027 - Initializing ProtocolHandler ["http-nio-8080"]
2019-04-27 16:11:02,037 - Starting service [Tomcat]
2019-04-27 16:11:02,038 - Starting Servlet engine: [Apache Tomcat/9.0.16]
2019-04-27 16:11:02,046 - The APR based Apache Tomcat Native library which allows optimal performance in production environments was not found on the java.library.path: [C:\Program Files\Java\jdk1.8.0_181\bin;C:\Windows\Sun\Java\bin;C:\Windows\system32;C:\Windows;C:\Program Files (x86)\Common Files\Oracle\Java\javapath;C:\Windows\system32;C:\Windows;C:\Windows\System32\Wbem;C:\Windows\System32\WindowsPowerShell\v1.0\;C:\Windows\System32\OpenSSH\;C:\Program Files\NVIDIA Corporation\NVIDIA NvDLISR;C:\Program Files (x86)\NVIDIA Corporation\PhysX\Common;C:\Program Files\Intel\WiFi\bin\;C:\Program Files\Common Files\Intel\WirelessCommon\;C:\Program Files\Java\jdk1.8.0_181\bin;C:\Program Files\MySQL\MySQL Utilities 1.6\;D:\maven\apache-maven-3.5.4\bin;D:\tomcat\apache-tomcat-9.0.11\bin;D:\Redis;C:\Users\15522\AppData\Local\Microsoft\WindowsApps;C:\Program Files\Intel\WiFi\bin\;C:\Program Files\Common Files\Intel\WirelessCommon\;.]
2019-04-27 16:11:02,410 - Initializing Spring embedded WebApplicationContext
2019-04-27 16:11:02,411 - Root WebApplicationContext: initialization completed in 3268 ms
2019-04-27 16:11:02,736 - HikariPool-1 - Starting...
2019-04-27 16:11:02,924 - HikariPool-1 - Start completed.
2019-04-27 16:11:02,988 - HHH000204: Processing PersistenceUnitInfo [
	name: default
	...]
2019-04-27 16:11:03,262 - HHH000412: Hibernate Core {5.3.7.Final}
2019-04-27 16:11:03,267 - HHH000206: hibernate.properties not found
2019-04-27 16:11:03,994 - HCANN000001: Hibernate Commons Annotations {5.0.4.Final}
2019-04-27 16:11:04,302 - HHH000400: Using dialect: org.hibernate.dialect.MySQL5Dialect
2019-04-27 16:11:05,158 - Initialized JPA EntityManagerFactory for persistence unit 'default'
2019-04-27 16:11:06,165 - Autowired annotation is not supported on static fields: private static com.zhuhaoran.rebatemall.service.UserInfoService com.zhuhaoran.rebatemall.utils.JudgeSpecialUserUtil.userInfoService
2019-04-27 16:11:06,386 - Initializing ExecutorService 'applicationTaskExecutor'
2019-04-27 16:11:06,430 - spring.jpa.open-in-view is enabled by default. Therefore, database queries may be performed during view rendering. Explicitly configure spring.jpa.open-in-view to disable this warning
2019-04-27 16:11:06,838 - Starting ProtocolHandler ["http-nio-8080"]
2019-04-27 16:11:07,100 - Tomcat started on port(s): 8080 (http) with context path '/rebatemall'
2019-04-27 16:11:07,104 - Started RebatemallApplication in 9.245 seconds (JVM running for 11.47)
2019-04-27 16:12:57,326 - Initializing Spring DispatcherServlet 'dispatcherServlet'
2019-04-27 16:12:57,327 - Initializing Servlet 'dispatcherServlet'
2019-04-27 16:12:57,336 - Completed initialization in 9 ms
2019-04-27 16:12:57,397 - HHH000397: Using ASTQueryTranslatorFactory
2019-04-27 16:13:40,075 - HikariPool-1 - Thread starvation or clock leap detected (housekeeper delta=1m7s46ms244s500ns).
2019-04-27 16:14:44,152 - Shutting down ExecutorService 'applicationTaskExecutor'
2019-04-27 16:14:44,175 - Closing JPA EntityManagerFactory for persistence unit 'default'
2019-04-27 16:14:44,182 - HikariPool-1 - Shutdown initiated...
2019-04-27 16:14:44,192 - HikariPool-1 - Shutdown completed.
2019-04-27 16:14:54,964 - Starting RebatemallApplication on DESKTOP-6P4NVVT with PID 3928 (D:\IdeaProjects\rebateMall\target\classes started by 15522 in D:\IdeaProjects\rebateMall)
2019-04-27 16:14:54,972 - No active profile set, falling back to default profiles: default
2019-04-27 16:14:57,065 - Multiple Spring Data modules found, entering strict repository configuration mode!
2019-04-27 16:14:57,066 - Bootstrapping Spring Data repositories in DEFAULT mode.
2019-04-27 16:14:57,366 - Finished Spring Data repository scanning in 283ms. Found 9 repository interfaces.
2019-04-27 16:14:57,404 - Multiple Spring Data modules found, entering strict repository configuration mode!
2019-04-27 16:14:57,407 - Bootstrapping Spring Data repositories in DEFAULT mode.
2019-04-27 16:14:57,441 - Spring Data Redis - Could not safely identify store assignment for repository candidate interface com.zhuhaoran.rebatemall.repository.DeliveryAddressRepository.
2019-04-27 16:14:57,443 - Spring Data Redis - Could not safely identify store assignment for repository candidate interface com.zhuhaoran.rebatemall.repository.OrderDetailRepository.
2019-04-27 16:14:57,444 - Spring Data Redis - Could not safely identify store assignment for repository candidate interface com.zhuhaoran.rebatemall.repository.OrderMasterRepository.
2019-04-27 16:14:57,445 - Spring Data Redis - Could not safely identify store assignment for repository candidate interface com.zhuhaoran.rebatemall.repository.ProductCategoryRepository.
2019-04-27 16:14:57,446 - Spring Data Redis - Could not safely identify store assignment for repository candidate interface com.zhuhaoran.rebatemall.repository.ProductInfoRepository.
2019-04-27 16:14:57,447 - Spring Data Redis - Could not safely identify store assignment for repository candidate interface com.zhuhaoran.rebatemall.repository.RebateDetailRepository.
2019-04-27 16:14:57,448 - Spring Data Redis - Could not safely identify store assignment for repository candidate interface com.zhuhaoran.rebatemall.repository.UserInfoRepository.
2019-04-27 16:14:57,448 - Spring Data Redis - Could not safely identify store assignment for repository candidate interface com.zhuhaoran.rebatemall.repository.WalletDetailRepository.
2019-04-27 16:14:57,449 - Spring Data Redis - Could not safely identify store assignment for repository candidate interface com.zhuhaoran.rebatemall.repository.WalletMasterRepository.
2019-04-27 16:14:57,449 - Finished Spring Data repository scanning in 25ms. Found 0 repository interfaces.
2019-04-27 16:14:58,337 - Bean 'org.springframework.transaction.annotation.ProxyTransactionManagementConfiguration' of type [org.springframework.transaction.annotation.ProxyTransactionManagementConfiguration$$EnhancerBySpringCGLIB$$8cc4ece1] is not eligible for getting processed by all BeanPostProcessors (for example: not eligible for auto-proxying)
2019-04-27 16:14:59,425 - Tomcat initialized with port(s): 8080 (http)
2019-04-27 16:14:59,473 - Initializing ProtocolHandler ["http-nio-8080"]
2019-04-27 16:14:59,518 - Starting service [Tomcat]
2019-04-27 16:14:59,519 - Starting Servlet engine: [Apache Tomcat/9.0.16]
2019-04-27 16:14:59,547 - The APR based Apache Tomcat Native library which allows optimal performance in production environments was not found on the java.library.path: [C:\Program Files\Java\jdk1.8.0_181\bin;C:\Windows\Sun\Java\bin;C:\Windows\system32;C:\Windows;C:\Program Files (x86)\Common Files\Oracle\Java\javapath;C:\Windows\system32;C:\Windows;C:\Windows\System32\Wbem;C:\Windows\System32\WindowsPowerShell\v1.0\;C:\Windows\System32\OpenSSH\;C:\Program Files\NVIDIA Corporation\NVIDIA NvDLISR;C:\Program Files (x86)\NVIDIA Corporation\PhysX\Common;C:\Program Files\Intel\WiFi\bin\;C:\Program Files\Common Files\Intel\WirelessCommon\;C:\Program Files\Java\jdk1.8.0_181\bin;C:\Program Files\MySQL\MySQL Utilities 1.6\;D:\maven\apache-maven-3.5.4\bin;D:\tomcat\apache-tomcat-9.0.11\bin;D:\Redis;C:\Users\15522\AppData\Local\Microsoft\WindowsApps;C:\Program Files\Intel\WiFi\bin\;C:\Program Files\Common Files\Intel\WirelessCommon\;.]
2019-04-27 16:14:59,707 - Starting RebatemallApplication on DESKTOP-6P4NVVT with PID 14152 (D:\IdeaProjects\rebateMall\target\classes started by 15522 in D:\IdeaProjects\rebateMall)
2019-04-27 16:14:59,716 - No active profile set, falling back to default profiles: default
2019-04-27 16:15:00,419 - Initializing Spring embedded WebApplicationContext
2019-04-27 16:15:00,420 - Root WebApplicationContext: initialization completed in 5358 ms
2019-04-27 16:15:00,978 - HikariPool-1 - Starting...
2019-04-27 16:15:01,156 - HikariPool-1 - Start completed.
2019-04-27 16:15:01,232 - HHH000204: Processing PersistenceUnitInfo [
	name: default
	...]
2019-04-27 16:15:01,236 - Multiple Spring Data modules found, entering strict repository configuration mode!
2019-04-27 16:15:01,237 - Bootstrapping Spring Data repositories in DEFAULT mode.
2019-04-27 16:15:01,346 - HHH000412: Hibernate Core {5.3.7.Final}
2019-04-27 16:15:01,349 - HHH000206: hibernate.properties not found
2019-04-27 16:15:01,406 - Finished Spring Data repository scanning in 162ms. Found 9 repository interfaces.
2019-04-27 16:15:01,425 - Multiple Spring Data modules found, entering strict repository configuration mode!
2019-04-27 16:15:01,427 - Bootstrapping Spring Data repositories in DEFAULT mode.
2019-04-27 16:15:01,465 - Spring Data Redis - Could not safely identify store assignment for repository candidate interface com.zhuhaoran.rebatemall.repository.DeliveryAddressRepository.
2019-04-27 16:15:01,468 - Spring Data Redis - Could not safely identify store assignment for repository candidate interface com.zhuhaoran.rebatemall.repository.OrderDetailRepository.
2019-04-27 16:15:01,469 - Spring Data Redis - Could not safely identify store assignment for repository candidate interface com.zhuhaoran.rebatemall.repository.OrderMasterRepository.
2019-04-27 16:15:01,470 - Spring Data Redis - Could not safely identify store assignment for repository candidate interface com.zhuhaoran.rebatemall.repository.ProductCategoryRepository.
2019-04-27 16:15:01,471 - Spring Data Redis - Could not safely identify store assignment for repository candidate interface com.zhuhaoran.rebatemall.repository.ProductInfoRepository.
2019-04-27 16:15:01,471 - Spring Data Redis - Could not safely identify store assignment for repository candidate interface com.zhuhaoran.rebatemall.repository.RebateDetailRepository.
2019-04-27 16:15:01,473 - Spring Data Redis - Could not safely identify store assignment for repository candidate interface com.zhuhaoran.rebatemall.repository.UserInfoRepository.
2019-04-27 16:15:01,474 - Spring Data Redis - Could not safely identify store assignment for repository candidate interface com.zhuhaoran.rebatemall.repository.WalletDetailRepository.
2019-04-27 16:15:01,475 - Spring Data Redis - Could not safely identify store assignment for repository candidate interface com.zhuhaoran.rebatemall.repository.WalletMasterRepository.
2019-04-27 16:15:01,475 - Finished Spring Data repository scanning in 37ms. Found 0 repository interfaces.
2019-04-27 16:15:01,601 - HCANN000001: Hibernate Commons Annotations {5.0.4.Final}
2019-04-27 16:15:02,017 - HHH000400: Using dialect: org.hibernate.dialect.MySQL5Dialect
2019-04-27 16:15:02,103 - Bean 'org.springframework.transaction.annotation.ProxyTransactionManagementConfiguration' of type [org.springframework.transaction.annotation.ProxyTransactionManagementConfiguration$$EnhancerBySpringCGLIB$$310d77ad] is not eligible for getting processed by all BeanPostProcessors (for example: not eligible for auto-proxying)
2019-04-27 16:15:02,769 - Tomcat initialized with port(s): 8080 (http)
2019-04-27 16:15:02,788 - Initializing ProtocolHandler ["http-nio-8080"]
2019-04-27 16:15:02,803 - Starting service [Tomcat]
2019-04-27 16:15:02,804 - Starting Servlet engine: [Apache Tomcat/9.0.16]
2019-04-27 16:15:02,814 - The APR based Apache Tomcat Native library which allows optimal performance in production environments was not found on the java.library.path: [C:\Program Files\Java\jdk1.8.0_181\bin;C:\Windows\Sun\Java\bin;C:\Windows\system32;C:\Windows;C:\Program Files (x86)\Common Files\Oracle\Java\javapath;C:\Windows\system32;C:\Windows;C:\Windows\System32\Wbem;C:\Windows\System32\WindowsPowerShell\v1.0\;C:\Windows\System32\OpenSSH\;C:\Program Files\NVIDIA Corporation\NVIDIA NvDLISR;C:\Program Files (x86)\NVIDIA Corporation\PhysX\Common;C:\Program Files\Intel\WiFi\bin\;C:\Program Files\Common Files\Intel\WirelessCommon\;C:\Program Files\Java\jdk1.8.0_181\bin;C:\Program Files\MySQL\MySQL Utilities 1.6\;D:\maven\apache-maven-3.5.4\bin;D:\tomcat\apache-tomcat-9.0.11\bin;D:\Redis;C:\Users\15522\AppData\Local\Microsoft\WindowsApps;C:\Program Files\Intel\WiFi\bin\;C:\Program Files\Common Files\Intel\WirelessCommon\;.]
2019-04-27 16:15:03,124 - Initializing Spring embedded WebApplicationContext
2019-04-27 16:15:03,125 - Root WebApplicationContext: initialization completed in 3304 ms
2019-04-27 16:15:03,308 - HikariPool-1 - Starting...
2019-04-27 16:15:03,581 - HikariPool-1 - Start completed.
2019-04-27 16:15:03,618 - Initialized JPA EntityManagerFactory for persistence unit 'default'
2019-04-27 16:15:03,646 - HHH000204: Processing PersistenceUnitInfo [
	name: default
	...]
2019-04-27 16:15:03,736 - HHH000412: Hibernate Core {5.3.7.Final}
2019-04-27 16:15:03,738 - HHH000206: hibernate.properties not found
2019-04-27 16:15:03,913 - HCANN000001: Hibernate Commons Annotations {5.0.4.Final}
2019-04-27 16:15:04,108 - HHH000400: Using dialect: org.hibernate.dialect.MySQL5Dialect
2019-04-27 16:15:04,698 - Autowired annotation is not supported on static fields: private static com.zhuhaoran.rebatemall.service.UserInfoService com.zhuhaoran.rebatemall.utils.JudgeSpecialUserUtil.userInfoService
2019-04-27 16:15:05,034 - Initializing ExecutorService 'applicationTaskExecutor'
2019-04-27 16:15:05,103 - spring.jpa.open-in-view is enabled by default. Therefore, database queries may be performed during view rendering. Explicitly configure spring.jpa.open-in-view to disable this warning
2019-04-27 16:15:05,199 - Initialized JPA EntityManagerFactory for persistence unit 'default'
2019-04-27 16:15:05,673 - Starting ProtocolHandler ["http-nio-8080"]
2019-04-27 16:15:05,985 - Tomcat started on port(s): 8080 (http) with context path '/rebatemall'
2019-04-27 16:15:05,988 - Started RebatemallApplication in 12.233 seconds (JVM running for 14.106)
2019-04-27 16:15:06,127 - Autowired annotation is not supported on static fields: private static com.zhuhaoran.rebatemall.service.UserInfoService com.zhuhaoran.rebatemall.utils.JudgeSpecialUserUtil.userInfoService
2019-04-27 16:15:06,397 - Initializing ExecutorService 'applicationTaskExecutor'
2019-04-27 16:15:06,451 - spring.jpa.open-in-view is enabled by default. Therefore, database queries may be performed during view rendering. Explicitly configure spring.jpa.open-in-view to disable this warning
2019-04-27 16:15:06,825 - Starting ProtocolHandler ["http-nio-8080"]
2019-04-27 16:15:06,843 - Pausing ProtocolHandler ["http-nio-8080"]
2019-04-27 16:15:06,843 - Stopping service [Tomcat]
2019-04-27 16:15:06,847 - The stop() method was called on component [StandardServer[-1]] after stop() had already been called. The second call will be ignored.
2019-04-27 16:15:06,848 - Stopping ProtocolHandler ["http-nio-8080"]
2019-04-27 16:15:06,848 - Destroying ProtocolHandler ["http-nio-8080"]
2019-04-27 16:15:06,851 - 

Error starting ApplicationContext. To display the conditions report re-run your application with 'debug' enabled.
2019-04-27 16:15:06,858 - Shutting down ExecutorService 'applicationTaskExecutor'
2019-04-27 16:15:06,892 - Closing JPA EntityManagerFactory for persistence unit 'default'
2019-04-27 16:15:06,894 - HikariPool-1 - Shutdown initiated...
2019-04-27 16:15:06,901 - HikariPool-1 - Shutdown completed.
2019-04-27 16:15:19,107 - Initializing Spring DispatcherServlet 'dispatcherServlet'
2019-04-27 16:15:19,108 - Initializing Servlet 'dispatcherServlet'
2019-04-27 16:15:19,118 - Completed initialization in 10 ms
2019-04-27 16:15:19,197 - HHH000397: Using ASTQueryTranslatorFactory
2019-04-27 16:15:45,666 - Shutting down ExecutorService 'applicationTaskExecutor'
2019-04-27 16:15:45,694 - Closing JPA EntityManagerFactory for persistence unit 'default'
2019-04-27 16:15:45,700 - HikariPool-1 - Shutdown initiated...
2019-04-27 16:15:45,710 - HikariPool-1 - Shutdown completed.
2019-04-27 16:15:54,625 - Starting RebatemallApplication on DESKTOP-6P4NVVT with PID 476 (D:\IdeaProjects\rebateMall\target\classes started by 15522 in D:\IdeaProjects\rebateMall)
2019-04-27 16:15:54,629 - No active profile set, falling back to default profiles: default
2019-04-27 16:15:55,844 - Multiple Spring Data modules found, entering strict repository configuration mode!
2019-04-27 16:15:55,845 - Bootstrapping Spring Data repositories in DEFAULT mode.
2019-04-27 16:15:56,020 - Finished Spring Data repository scanning in 163ms. Found 9 repository interfaces.
2019-04-27 16:15:56,045 - Multiple Spring Data modules found, entering strict repository configuration mode!
2019-04-27 16:15:56,047 - Bootstrapping Spring Data repositories in DEFAULT mode.
2019-04-27 16:15:56,064 - Spring Data Redis - Could not safely identify store assignment for repository candidate interface com.zhuhaoran.rebatemall.repository.DeliveryAddressRepository.
2019-04-27 16:15:56,066 - Spring Data Redis - Could not safely identify store assignment for repository candidate interface com.zhuhaoran.rebatemall.repository.OrderDetailRepository.
2019-04-27 16:15:56,066 - Spring Data Redis - Could not safely identify store assignment for repository candidate interface com.zhuhaoran.rebatemall.repository.OrderMasterRepository.
2019-04-27 16:15:56,067 - Spring Data Redis - Could not safely identify store assignment for repository candidate interface com.zhuhaoran.rebatemall.repository.ProductCategoryRepository.
2019-04-27 16:15:56,067 - Spring Data Redis - Could not safely identify store assignment for repository candidate interface com.zhuhaoran.rebatemall.repository.ProductInfoRepository.
2019-04-27 16:15:56,067 - Spring Data Redis - Could not safely identify store assignment for repository candidate interface com.zhuhaoran.rebatemall.repository.RebateDetailRepository.
2019-04-27 16:15:56,067 - Spring Data Redis - Could not safely identify store assignment for repository candidate interface com.zhuhaoran.rebatemall.repository.UserInfoRepository.
2019-04-27 16:15:56,068 - Spring Data Redis - Could not safely identify store assignment for repository candidate interface com.zhuhaoran.rebatemall.repository.WalletDetailRepository.
2019-04-27 16:15:56,068 - Spring Data Redis - Could not safely identify store assignment for repository candidate interface com.zhuhaoran.rebatemall.repository.WalletMasterRepository.
2019-04-27 16:15:56,068 - Finished Spring Data repository scanning in 12ms. Found 0 repository interfaces.
2019-04-27 16:15:56,395 - Bean 'org.springframework.transaction.annotation.ProxyTransactionManagementConfiguration' of type [org.springframework.transaction.annotation.ProxyTransactionManagementConfiguration$$EnhancerBySpringCGLIB$$abd7a297] is not eligible for getting processed by all BeanPostProcessors (for example: not eligible for auto-proxying)
2019-04-27 16:15:56,699 - Tomcat initialized with port(s): 8080 (http)
2019-04-27 16:15:56,711 - Initializing ProtocolHandler ["http-nio-8080"]
2019-04-27 16:15:56,721 - Starting service [Tomcat]
2019-04-27 16:15:56,721 - Starting Servlet engine: [Apache Tomcat/9.0.16]
2019-04-27 16:15:56,727 - The APR based Apache Tomcat Native library which allows optimal performance in production environments was not found on the java.library.path: [C:\Program Files\Java\jdk1.8.0_181\bin;C:\Windows\Sun\Java\bin;C:\Windows\system32;C:\Windows;C:\Program Files (x86)\Common Files\Oracle\Java\javapath;C:\Windows\system32;C:\Windows;C:\Windows\System32\Wbem;C:\Windows\System32\WindowsPowerShell\v1.0\;C:\Windows\System32\OpenSSH\;C:\Program Files\NVIDIA Corporation\NVIDIA NvDLISR;C:\Program Files (x86)\NVIDIA Corporation\PhysX\Common;C:\Program Files\Intel\WiFi\bin\;C:\Program Files\Common Files\Intel\WirelessCommon\;C:\Program Files\Java\jdk1.8.0_181\bin;C:\Program Files\MySQL\MySQL Utilities 1.6\;D:\maven\apache-maven-3.5.4\bin;D:\tomcat\apache-tomcat-9.0.11\bin;D:\Redis;C:\Users\15522\AppData\Local\Microsoft\WindowsApps;C:\Program Files\Intel\WiFi\bin\;C:\Program Files\Common Files\Intel\WirelessCommon\;.]
2019-04-27 16:15:56,970 - Initializing Spring embedded WebApplicationContext
2019-04-27 16:15:56,970 - Root WebApplicationContext: initialization completed in 2255 ms
2019-04-27 16:15:57,110 - HikariPool-1 - Starting...
2019-04-27 16:15:57,306 - HikariPool-1 - Start completed.
2019-04-27 16:15:57,366 - HHH000204: Processing PersistenceUnitInfo [
	name: default
	...]
2019-04-27 16:15:57,449 - HHH000412: Hibernate Core {5.3.7.Final}
2019-04-27 16:15:57,451 - HHH000206: hibernate.properties not found
2019-04-27 16:15:57,596 - HCANN000001: Hibernate Commons Annotations {5.0.4.Final}
2019-04-27 16:15:57,766 - HHH000400: Using dialect: org.hibernate.dialect.MySQL5Dialect
2019-04-27 16:15:58,492 - Initialized JPA EntityManagerFactory for persistence unit 'default'
2019-04-27 16:15:59,091 - Autowired annotation is not supported on static fields: private static com.zhuhaoran.rebatemall.service.UserInfoService com.zhuhaoran.rebatemall.utils.JudgeSpecialUserUtil.userInfoService
2019-04-27 16:15:59,302 - Initializing ExecutorService 'applicationTaskExecutor'
2019-04-27 16:15:59,343 - spring.jpa.open-in-view is enabled by default. Therefore, database queries may be performed during view rendering. Explicitly configure spring.jpa.open-in-view to disable this warning
2019-04-27 16:15:59,674 - Starting ProtocolHandler ["http-nio-8080"]
2019-04-27 16:15:59,700 - Tomcat started on port(s): 8080 (http) with context path '/rebatemall'
2019-04-27 16:15:59,702 - Started RebatemallApplication in 5.852 seconds (JVM running for 7.297)
2019-04-27 16:16:29,863 - Initializing Spring DispatcherServlet 'dispatcherServlet'
2019-04-27 16:16:29,863 - Initializing Servlet 'dispatcherServlet'
2019-04-27 16:16:29,875 - Completed initialization in 12 ms
2019-04-27 16:16:30,159 - HHH000397: Using ASTQueryTranslatorFactory
