2019-05-24 12:55:17,651 - Starting RebatemallApplication on DESKTOP-6P4NVVT with PID 16324 (D:\IdeaProjects\rebateMall\target\classes started by 15522 in D:\IdeaProjects\rebateMall)
2019-05-24 12:55:17,675 - No active profile set, falling back to default profiles: default
2019-05-24 12:55:25,354 - Multiple Spring Data modules found, entering strict repository configuration mode!
2019-05-24 12:55:25,355 - Bootstrapping Spring Data repositories in DEFAULT mode.
2019-05-24 12:55:25,896 - Finished Spring Data repository scanning in 486ms. Found 9 repository interfaces.
2019-05-24 12:55:25,958 - Multiple Spring Data modules found, entering strict repository configuration mode!
2019-05-24 12:55:25,991 - Bootstrapping Spring Data repositories in DEFAULT mode.
2019-05-24 12:55:26,192 - Spring Data Redis - Could not safely identify store assignment for repository candidate interface com.zhuhaoran.rebatemall.repository.DeliveryAddressRepository.
2019-05-24 12:55:26,196 - Spring Data Redis - Could not safely identify store assignment for repository candidate interface com.zhuhaoran.rebatemall.repository.OrderDetailRepository.
2019-05-24 12:55:26,198 - Spring Data Redis - Could not safely identify store assignment for repository candidate interface com.zhuhaoran.rebatemall.repository.OrderMasterRepository.
2019-05-24 12:55:26,198 - Spring Data Redis - Could not safely identify store assignment for repository candidate interface com.zhuhaoran.rebatemall.repository.ProductCategoryRepository.
2019-05-24 12:55:26,199 - Spring Data Redis - Could not safely identify store assignment for repository candidate interface com.zhuhaoran.rebatemall.repository.ProductInfoRepository.
2019-05-24 12:55:26,203 - Spring Data Redis - Could not safely identify store assignment for repository candidate interface com.zhuhaoran.rebatemall.repository.RebateDetailRepository.
2019-05-24 12:55:26,205 - Spring Data Redis - Could not safely identify store assignment for repository candidate interface com.zhuhaoran.rebatemall.repository.UserInfoRepository.
2019-05-24 12:55:26,205 - Spring Data Redis - Could not safely identify store assignment for repository candidate interface com.zhuhaoran.rebatemall.repository.WalletDetailRepository.
2019-05-24 12:55:26,206 - Spring Data Redis - Could not safely identify store assignment for repository candidate interface com.zhuhaoran.rebatemall.repository.WalletMasterRepository.
2019-05-24 12:55:26,206 - Finished Spring Data repository scanning in 58ms. Found 0 repository interfaces.
2019-05-24 12:55:28,065 - Bean 'org.springframework.transaction.annotation.ProxyTransactionManagementConfiguration' of type [org.springframework.transaction.annotation.ProxyTransactionManagementConfiguration$$EnhancerBySpringCGLIB$$e9e33166] is not eligible for getting processed by all BeanPostProcessors (for example: not eligible for auto-proxying)
2019-05-24 12:55:28,957 - Tomcat initialized with port(s): 8080 (http)
2019-05-24 12:55:28,982 - Initializing ProtocolHandler ["http-nio-8080"]
2019-05-24 12:55:29,010 - Starting service [Tomcat]
2019-05-24 12:55:29,010 - Starting Servlet engine: [Apache Tomcat/9.0.16]
2019-05-24 12:55:29,016 - The APR based Apache Tomcat Native library which allows optimal performance in production environments was not found on the java.library.path: [C:\Program Files\Java\jdk1.8.0_181\bin;C:\Windows\Sun\Java\bin;C:\Windows\system32;C:\Windows;C:\Program Files (x86)\Common Files\Oracle\Java\javapath;C:\Windows\system32;C:\Windows;C:\Windows\System32\Wbem;C:\Windows\System32\WindowsPowerShell\v1.0\;C:\Windows\System32\OpenSSH\;C:\Program Files\NVIDIA Corporation\NVIDIA NvDLISR;C:\Program Files (x86)\NVIDIA Corporation\PhysX\Common;C:\Program Files\Intel\WiFi\bin\;C:\Program Files\Common Files\Intel\WirelessCommon\;C:\Program Files\Java\jdk1.8.0_181\bin;C:\Program Files\MySQL\MySQL Utilities 1.6\;D:\maven\apache-maven-3.5.4\bin;D:\tomcat\apache-tomcat-9.0.11\bin;D:\Redis;C:\Program Files\Git\cmd;C:\Program Files\nodejs\;D:\Android-SDK\platform-tools;D:\Android-SDK\tools;D:\gradle\gradle-4.10.2\bin;C:\Users\15522\AppData\Local\Microsoft\WindowsApps;C:\Program Files\Intel\WiFi\bin\;C:\Program Files\Common Files\Intel\WirelessCommon\;C:\Users\15522\AppData\Roaming\npm;C:\Users\15522\AppData\Local\Programs\Fiddler;.]
2019-05-24 12:55:29,491 - Initializing Spring embedded WebApplicationContext
2019-05-24 12:55:29,492 - Root WebApplicationContext: initialization completed in 11637 ms
2019-05-24 12:55:29,991 - HikariPool-1 - Starting...
2019-05-24 12:55:30,151 - HikariPool-1 - Start completed.
2019-05-24 12:55:30,285 - HHH000204: Processing PersistenceUnitInfo [
	name: default
	...]
2019-05-24 12:55:30,508 - HHH000412: Hibernate Core {5.3.7.Final}
2019-05-24 12:55:30,509 - HHH000206: hibernate.properties not found
2019-05-24 12:55:30,983 - HCANN000001: Hibernate Commons Annotations {5.0.4.Final}
2019-05-24 12:55:31,521 - HHH000400: Using dialect: org.hibernate.dialect.MySQL5Dialect
2019-05-24 12:55:33,284 - Initialized JPA EntityManagerFactory for persistence unit 'default'
2019-05-24 12:55:34,398 - Autowired annotation is not supported on static fields: private static com.zhuhaoran.rebatemall.service.UserInfoService com.zhuhaoran.rebatemall.utils.JudgeSpecialUserUtil.userInfoService
2019-05-24 12:55:34,806 - Initializing ExecutorService 'applicationTaskExecutor'
2019-05-24 12:55:34,882 - spring.jpa.open-in-view is enabled by default. Therefore, database queries may be performed during view rendering. Explicitly configure spring.jpa.open-in-view to disable this warning
2019-05-24 12:55:35,541 - Starting ProtocolHandler ["http-nio-8080"]
2019-05-24 12:55:35,575 - Pausing ProtocolHandler ["http-nio-8080"]
2019-05-24 12:55:35,575 - Stopping service [Tomcat]
2019-05-24 12:55:35,595 - The stop() method was called on component [StandardServer[-1]] after stop() had already been called. The second call will be ignored.
2019-05-24 12:55:35,595 - Stopping ProtocolHandler ["http-nio-8080"]
2019-05-24 12:55:35,596 - Destroying ProtocolHandler ["http-nio-8080"]
2019-05-24 12:55:35,599 - 

Error starting ApplicationContext. To display the conditions report re-run your application with 'debug' enabled.
2019-05-24 12:55:35,838 - Shutting down ExecutorService 'applicationTaskExecutor'
2019-05-24 12:55:35,979 - Closing JPA EntityManagerFactory for persistence unit 'default'
2019-05-24 12:55:35,981 - HikariPool-1 - Shutdown initiated...
2019-05-24 12:55:35,988 - HikariPool-1 - Shutdown completed.
2019-05-24 12:56:58,798 - Starting RebatemallApplication on DESKTOP-6P4NVVT with PID 14976 (D:\IdeaProjects\rebateMall\target\classes started by 15522 in D:\IdeaProjects\rebateMall)
2019-05-24 12:56:58,802 - No active profile set, falling back to default profiles: default
2019-05-24 12:57:00,238 - Multiple Spring Data modules found, entering strict repository configuration mode!
2019-05-24 12:57:00,238 - Bootstrapping Spring Data repositories in DEFAULT mode.
2019-05-24 12:57:00,375 - Finished Spring Data repository scanning in 129ms. Found 9 repository interfaces.
2019-05-24 12:57:00,388 - Multiple Spring Data modules found, entering strict repository configuration mode!
2019-05-24 12:57:00,389 - Bootstrapping Spring Data repositories in DEFAULT mode.
2019-05-24 12:57:00,406 - Spring Data Redis - Could not safely identify store assignment for repository candidate interface com.zhuhaoran.rebatemall.repository.DeliveryAddressRepository.
2019-05-24 12:57:00,407 - Spring Data Redis - Could not safely identify store assignment for repository candidate interface com.zhuhaoran.rebatemall.repository.OrderDetailRepository.
2019-05-24 12:57:00,408 - Spring Data Redis - Could not safely identify store assignment for repository candidate interface com.zhuhaoran.rebatemall.repository.OrderMasterRepository.
2019-05-24 12:57:00,408 - Spring Data Redis - Could not safely identify store assignment for repository candidate interface com.zhuhaoran.rebatemall.repository.ProductCategoryRepository.
2019-05-24 12:57:00,409 - Spring Data Redis - Could not safely identify store assignment for repository candidate interface com.zhuhaoran.rebatemall.repository.ProductInfoRepository.
2019-05-24 12:57:00,409 - Spring Data Redis - Could not safely identify store assignment for repository candidate interface com.zhuhaoran.rebatemall.repository.RebateDetailRepository.
2019-05-24 12:57:00,409 - Spring Data Redis - Could not safely identify store assignment for repository candidate interface com.zhuhaoran.rebatemall.repository.UserInfoRepository.
2019-05-24 12:57:00,410 - Spring Data Redis - Could not safely identify store assignment for repository candidate interface com.zhuhaoran.rebatemall.repository.WalletDetailRepository.
2019-05-24 12:57:00,410 - Spring Data Redis - Could not safely identify store assignment for repository candidate interface com.zhuhaoran.rebatemall.repository.WalletMasterRepository.
2019-05-24 12:57:00,410 - Finished Spring Data repository scanning in 13ms. Found 0 repository interfaces.
2019-05-24 12:57:00,788 - Bean 'org.springframework.transaction.annotation.ProxyTransactionManagementConfiguration' of type [org.springframework.transaction.annotation.ProxyTransactionManagementConfiguration$$EnhancerBySpringCGLIB$$77f181e3] is not eligible for getting processed by all BeanPostProcessors (for example: not eligible for auto-proxying)
2019-05-24 12:57:01,123 - Tomcat initialized with port(s): 8080 (http)
2019-05-24 12:57:01,137 - Initializing ProtocolHandler ["http-nio-8080"]
2019-05-24 12:57:01,146 - Starting service [Tomcat]
2019-05-24 12:57:01,147 - Starting Servlet engine: [Apache Tomcat/9.0.16]
2019-05-24 12:57:01,153 - The APR based Apache Tomcat Native library which allows optimal performance in production environments was not found on the java.library.path: [C:\Program Files\Java\jdk1.8.0_181\bin;C:\Windows\Sun\Java\bin;C:\Windows\system32;C:\Windows;C:\Program Files (x86)\Common Files\Oracle\Java\javapath;C:\Windows\system32;C:\Windows;C:\Windows\System32\Wbem;C:\Windows\System32\WindowsPowerShell\v1.0\;C:\Windows\System32\OpenSSH\;C:\Program Files\NVIDIA Corporation\NVIDIA NvDLISR;C:\Program Files (x86)\NVIDIA Corporation\PhysX\Common;C:\Program Files\Intel\WiFi\bin\;C:\Program Files\Common Files\Intel\WirelessCommon\;C:\Program Files\Java\jdk1.8.0_181\bin;C:\Program Files\MySQL\MySQL Utilities 1.6\;D:\maven\apache-maven-3.5.4\bin;D:\tomcat\apache-tomcat-9.0.11\bin;D:\Redis;C:\Program Files\Git\cmd;C:\Program Files\nodejs\;D:\Android-SDK\platform-tools;D:\Android-SDK\tools;D:\gradle\gradle-4.10.2\bin;C:\Users\15522\AppData\Local\Microsoft\WindowsApps;C:\Program Files\Intel\WiFi\bin\;C:\Program Files\Common Files\Intel\WirelessCommon\;C:\Users\15522\AppData\Roaming\npm;C:\Users\15522\AppData\Local\Programs\Fiddler;.]
2019-05-24 12:57:01,445 - Initializing Spring embedded WebApplicationContext
2019-05-24 12:57:01,445 - Root WebApplicationContext: initialization completed in 2504 ms
2019-05-24 12:57:01,742 - HikariPool-1 - Starting...
2019-05-24 12:57:01,839 - HikariPool-1 - Start completed.
2019-05-24 12:57:01,896 - HHH000204: Processing PersistenceUnitInfo [
	name: default
	...]
2019-05-24 12:57:01,970 - HHH000412: Hibernate Core {5.3.7.Final}
2019-05-24 12:57:01,971 - HHH000206: hibernate.properties not found
2019-05-24 12:57:02,128 - HCANN000001: Hibernate Commons Annotations {5.0.4.Final}
2019-05-24 12:57:02,285 - HHH000400: Using dialect: org.hibernate.dialect.MySQL5Dialect
2019-05-24 12:57:03,022 - Initialized JPA EntityManagerFactory for persistence unit 'default'
2019-05-24 12:57:03,654 - Autowired annotation is not supported on static fields: private static com.zhuhaoran.rebatemall.service.UserInfoService com.zhuhaoran.rebatemall.utils.JudgeSpecialUserUtil.userInfoService
2019-05-24 12:57:03,900 - Initializing ExecutorService 'applicationTaskExecutor'
2019-05-24 12:57:03,937 - spring.jpa.open-in-view is enabled by default. Therefore, database queries may be performed during view rendering. Explicitly configure spring.jpa.open-in-view to disable this warning
2019-05-24 12:57:04,298 - Starting ProtocolHandler ["http-nio-8080"]
2019-05-24 12:57:04,323 - Tomcat started on port(s): 8080 (http) with context path '/rebatemall'
2019-05-24 12:57:04,325 - Started RebatemallApplication in 6.545 seconds (JVM running for 8.184)
2019-05-24 12:57:47,389 - Initializing Spring DispatcherServlet 'dispatcherServlet'
2019-05-24 12:57:47,390 - Initializing Servlet 'dispatcherServlet'
2019-05-24 12:57:47,397 - Completed initialization in 7 ms
2019-05-24 12:57:47,732 - HHH000397: Using ASTQueryTranslatorFactory
