2019-05-04 22:04:01,697 - Starting RebatemallApplication on DESKTOP-6P4NVVT with PID 13036 (D:\IdeaProjects\rebateMall\target\classes started by 15522 in D:\IdeaProjects\rebateMall)
2019-05-04 22:04:01,699 - No active profile set, falling back to default profiles: default
2019-05-04 22:04:04,959 - Multiple Spring Data modules found, entering strict repository configuration mode!
2019-05-04 22:04:04,960 - Bootstrapping Spring Data repositories in DEFAULT mode.
2019-05-04 22:04:05,156 - Finished Spring Data repository scanning in 118ms. Found 9 repository interfaces.
2019-05-04 22:04:05,245 - Multiple Spring Data modules found, entering strict repository configuration mode!
2019-05-04 22:04:05,252 - Bootstrapping Spring Data repositories in DEFAULT mode.
2019-05-04 22:04:05,293 - Spring Data Redis - Could not safely identify store assignment for repository candidate interface com.zhuhaoran.rebatemall.repository.DeliveryAddressRepository.
2019-05-04 22:04:05,294 - Spring Data Redis - Could not safely identify store assignment for repository candidate interface com.zhuhaoran.rebatemall.repository.OrderDetailRepository.
2019-05-04 22:04:05,294 - Spring Data Redis - Could not safely identify store assignment for repository candidate interface com.zhuhaoran.rebatemall.repository.OrderMasterRepository.
2019-05-04 22:04:05,295 - Spring Data Redis - Could not safely identify store assignment for repository candidate interface com.zhuhaoran.rebatemall.repository.ProductCategoryRepository.
2019-05-04 22:04:05,295 - Spring Data Redis - Could not safely identify store assignment for repository candidate interface com.zhuhaoran.rebatemall.repository.ProductInfoRepository.
2019-05-04 22:04:05,295 - Spring Data Redis - Could not safely identify store assignment for repository candidate interface com.zhuhaoran.rebatemall.repository.RebateDetailRepository.
2019-05-04 22:04:05,296 - Spring Data Redis - Could not safely identify store assignment for repository candidate interface com.zhuhaoran.rebatemall.repository.UserInfoRepository.
2019-05-04 22:04:05,296 - Spring Data Redis - Could not safely identify store assignment for repository candidate interface com.zhuhaoran.rebatemall.repository.WalletDetailRepository.
2019-05-04 22:04:05,296 - Spring Data Redis - Could not safely identify store assignment for repository candidate interface com.zhuhaoran.rebatemall.repository.WalletMasterRepository.
2019-05-04 22:04:05,296 - Finished Spring Data repository scanning in 30ms. Found 0 repository interfaces.
2019-05-04 22:04:06,093 - Bean 'org.springframework.transaction.annotation.ProxyTransactionManagementConfiguration' of type [org.springframework.transaction.annotation.ProxyTransactionManagementConfiguration$$EnhancerBySpringCGLIB$$5b5d8566] is not eligible for getting processed by all BeanPostProcessors (for example: not eligible for auto-proxying)
2019-05-04 22:04:06,759 - Tomcat initialized with port(s): 8080 (http)
2019-05-04 22:04:06,774 - Initializing ProtocolHandler ["http-nio-8080"]
2019-05-04 22:04:06,783 - Starting service [Tomcat]
2019-05-04 22:04:06,783 - Starting Servlet engine: [Apache Tomcat/9.0.16]
2019-05-04 22:04:06,789 - The APR based Apache Tomcat Native library which allows optimal performance in production environments was not found on the java.library.path: [C:\Program Files\Java\jdk1.8.0_181\bin;C:\Windows\Sun\Java\bin;C:\Windows\system32;C:\Windows;C:\Program Files (x86)\Common Files\Oracle\Java\javapath;C:\Windows\system32;C:\Windows;C:\Windows\System32\Wbem;C:\Windows\System32\WindowsPowerShell\v1.0\;C:\Windows\System32\OpenSSH\;C:\Program Files\NVIDIA Corporation\NVIDIA NvDLISR;C:\Program Files (x86)\NVIDIA Corporation\PhysX\Common;C:\Program Files\Intel\WiFi\bin\;C:\Program Files\Common Files\Intel\WirelessCommon\;C:\Program Files\Java\jdk1.8.0_181\bin;C:\Program Files\MySQL\MySQL Utilities 1.6\;D:\maven\apache-maven-3.5.4\bin;D:\tomcat\apache-tomcat-9.0.11\bin;D:\Redis;C:\Program Files\Git\cmd;C:\Program Files\nodejs\;C:\Users\15522\AppData\Local\Microsoft\WindowsApps;C:\Users\15522\AppData\Roaming\npm;.]
2019-05-04 22:04:07,009 - Initializing Spring embedded WebApplicationContext
2019-05-04 22:04:07,009 - Root WebApplicationContext: initialization completed in 5170 ms
2019-05-04 22:04:07,453 - HikariPool-1 - Starting...
2019-05-04 22:04:07,560 - HikariPool-1 - Start completed.
2019-05-04 22:04:07,693 - HHH000204: Processing PersistenceUnitInfo [
	name: default
	...]
2019-05-04 22:04:07,935 - HHH000412: Hibernate Core {5.3.7.Final}
2019-05-04 22:04:07,937 - HHH000206: hibernate.properties not found
2019-05-04 22:04:08,291 - HCANN000001: Hibernate Commons Annotations {5.0.4.Final}
2019-05-04 22:04:08,606 - HHH000400: Using dialect: org.hibernate.dialect.MySQL5Dialect
2019-05-04 22:04:09,725 - Initialized JPA EntityManagerFactory for persistence unit 'default'
2019-05-04 22:04:10,929 - Autowired annotation is not supported on static fields: private static com.zhuhaoran.rebatemall.service.UserInfoService com.zhuhaoran.rebatemall.utils.JudgeSpecialUserUtil.userInfoService
2019-05-04 22:04:11,229 - Initializing ExecutorService 'applicationTaskExecutor'
2019-05-04 22:04:11,304 - spring.jpa.open-in-view is enabled by default. Therefore, database queries may be performed during view rendering. Explicitly configure spring.jpa.open-in-view to disable this warning
2019-05-04 22:04:11,839 - Starting ProtocolHandler ["http-nio-8080"]
2019-05-04 22:04:11,861 - Tomcat started on port(s): 8080 (http) with context path '/rebatemall'
2019-05-04 22:04:11,863 - Started RebatemallApplication in 11.917 seconds (JVM running for 14.521)
2019-05-04 22:04:39,951 - Initializing Spring DispatcherServlet 'dispatcherServlet'
2019-05-04 22:04:39,951 - Initializing Servlet 'dispatcherServlet'
2019-05-04 22:04:39,964 - Completed initialization in 12 ms
2019-05-04 22:06:05,848 - Starting RebatemallApplication on DESKTOP-6P4NVVT with PID 12632 (D:\IdeaProjects\rebateMall\target\classes started by 15522 in D:\IdeaProjects\rebateMall)
2019-05-04 22:06:05,852 - No active profile set, falling back to default profiles: default
2019-05-04 22:06:07,211 - Multiple Spring Data modules found, entering strict repository configuration mode!
2019-05-04 22:06:07,212 - Bootstrapping Spring Data repositories in DEFAULT mode.
2019-05-04 22:06:07,357 - Finished Spring Data repository scanning in 138ms. Found 9 repository interfaces.
2019-05-04 22:06:07,372 - Multiple Spring Data modules found, entering strict repository configuration mode!
2019-05-04 22:06:07,374 - Bootstrapping Spring Data repositories in DEFAULT mode.
2019-05-04 22:06:07,396 - Spring Data Redis - Could not safely identify store assignment for repository candidate interface com.zhuhaoran.rebatemall.repository.DeliveryAddressRepository.
2019-05-04 22:06:07,398 - Spring Data Redis - Could not safely identify store assignment for repository candidate interface com.zhuhaoran.rebatemall.repository.OrderDetailRepository.
2019-05-04 22:06:07,399 - Spring Data Redis - Could not safely identify store assignment for repository candidate interface com.zhuhaoran.rebatemall.repository.OrderMasterRepository.
2019-05-04 22:06:07,399 - Spring Data Redis - Could not safely identify store assignment for repository candidate interface com.zhuhaoran.rebatemall.repository.ProductCategoryRepository.
2019-05-04 22:06:07,400 - Spring Data Redis - Could not safely identify store assignment for repository candidate interface com.zhuhaoran.rebatemall.repository.ProductInfoRepository.
2019-05-04 22:06:07,400 - Spring Data Redis - Could not safely identify store assignment for repository candidate interface com.zhuhaoran.rebatemall.repository.RebateDetailRepository.
2019-05-04 22:06:07,401 - Spring Data Redis - Could not safely identify store assignment for repository candidate interface com.zhuhaoran.rebatemall.repository.UserInfoRepository.
2019-05-04 22:06:07,402 - Spring Data Redis - Could not safely identify store assignment for repository candidate interface com.zhuhaoran.rebatemall.repository.WalletDetailRepository.
2019-05-04 22:06:07,402 - Spring Data Redis - Could not safely identify store assignment for repository candidate interface com.zhuhaoran.rebatemall.repository.WalletMasterRepository.
2019-05-04 22:06:07,403 - Finished Spring Data repository scanning in 20ms. Found 0 repository interfaces.
2019-05-04 22:06:07,812 - Bean 'org.springframework.transaction.annotation.ProxyTransactionManagementConfiguration' of type [org.springframework.transaction.annotation.ProxyTransactionManagementConfiguration$$EnhancerBySpringCGLIB$$3abd8c36] is not eligible for getting processed by all BeanPostProcessors (for example: not eligible for auto-proxying)
2019-05-04 22:06:08,150 - Tomcat initialized with port(s): 8080 (http)
2019-05-04 22:06:08,168 - Initializing ProtocolHandler ["http-nio-8080"]
2019-05-04 22:06:08,179 - Starting service [Tomcat]
2019-05-04 22:06:08,179 - Starting Servlet engine: [Apache Tomcat/9.0.16]
2019-05-04 22:06:08,185 - The APR based Apache Tomcat Native library which allows optimal performance in production environments was not found on the java.library.path: [C:\Program Files\Java\jdk1.8.0_181\bin;C:\Windows\Sun\Java\bin;C:\Windows\system32;C:\Windows;C:\Program Files (x86)\Common Files\Oracle\Java\javapath;C:\Windows\system32;C:\Windows;C:\Windows\System32\Wbem;C:\Windows\System32\WindowsPowerShell\v1.0\;C:\Windows\System32\OpenSSH\;C:\Program Files\NVIDIA Corporation\NVIDIA NvDLISR;C:\Program Files (x86)\NVIDIA Corporation\PhysX\Common;C:\Program Files\Intel\WiFi\bin\;C:\Program Files\Common Files\Intel\WirelessCommon\;C:\Program Files\Java\jdk1.8.0_181\bin;C:\Program Files\MySQL\MySQL Utilities 1.6\;D:\maven\apache-maven-3.5.4\bin;D:\tomcat\apache-tomcat-9.0.11\bin;D:\Redis;C:\Program Files\Git\cmd;C:\Program Files\nodejs\;C:\Users\15522\AppData\Local\Microsoft\WindowsApps;C:\Users\15522\AppData\Roaming\npm;.]
2019-05-04 22:06:08,477 - Initializing Spring embedded WebApplicationContext
2019-05-04 22:06:08,477 - Root WebApplicationContext: initialization completed in 2519 ms
2019-05-04 22:06:08,723 - HikariPool-1 - Starting...
2019-05-04 22:06:08,856 - HikariPool-1 - Start completed.
2019-05-04 22:06:08,934 - HHH000204: Processing PersistenceUnitInfo [
	name: default
	...]
2019-05-04 22:06:09,053 - HHH000412: Hibernate Core {5.3.7.Final}
2019-05-04 22:06:09,055 - HHH000206: hibernate.properties not found
2019-05-04 22:06:09,215 - HCANN000001: Hibernate Commons Annotations {5.0.4.Final}
2019-05-04 22:06:09,358 - HHH000400: Using dialect: org.hibernate.dialect.MySQL5Dialect
2019-05-04 22:06:10,009 - Initialized JPA EntityManagerFactory for persistence unit 'default'
2019-05-04 22:06:10,631 - Autowired annotation is not supported on static fields: private static com.zhuhaoran.rebatemall.service.UserInfoService com.zhuhaoran.rebatemall.utils.JudgeSpecialUserUtil.userInfoService
2019-05-04 22:06:10,807 - Initializing ExecutorService 'applicationTaskExecutor'
2019-05-04 22:06:10,841 - spring.jpa.open-in-view is enabled by default. Therefore, database queries may be performed during view rendering. Explicitly configure spring.jpa.open-in-view to disable this warning
2019-05-04 22:06:11,174 - Starting ProtocolHandler ["http-nio-8080"]
2019-05-04 22:06:11,197 - Tomcat started on port(s): 8080 (http) with context path '/rebatemall'
2019-05-04 22:06:11,199 - Started RebatemallApplication in 6.44 seconds (JVM running for 8.266)
2019-05-04 22:06:13,487 - Initializing Spring DispatcherServlet 'dispatcherServlet'
2019-05-04 22:06:13,487 - Initializing Servlet 'dispatcherServlet'
2019-05-04 22:06:13,496 - Completed initialization in 9 ms
