2019-05-05 15:41:28,559 - Starting RebatemallApplication on DESKTOP-6P4NVVT with PID 12240 (D:\IdeaProjects\rebateMall\target\classes started by 15522 in D:\IdeaProjects\rebateMall)
2019-05-05 15:41:28,575 - No active profile set, falling back to default profiles: default
2019-05-05 15:41:33,393 - Multiple Spring Data modules found, entering strict repository configuration mode!
2019-05-05 15:41:33,394 - Bootstrapping Spring Data repositories in DEFAULT mode.
2019-05-05 15:41:33,810 - Finished Spring Data repository scanning in 391ms. Found 9 repository interfaces.
2019-05-05 15:41:33,861 - Multiple Spring Data modules found, entering strict repository configuration mode!
2019-05-05 15:41:33,864 - Bootstrapping Spring Data repositories in DEFAULT mode.
2019-05-05 15:41:33,922 - Spring Data Redis - Could not safely identify store assignment for repository candidate interface com.zhuhaoran.rebatemall.repository.DeliveryAddressRepository.
2019-05-05 15:41:33,923 - Spring Data Redis - Could not safely identify store assignment for repository candidate interface com.zhuhaoran.rebatemall.repository.OrderDetailRepository.
2019-05-05 15:41:33,923 - Spring Data Redis - Could not safely identify store assignment for repository candidate interface com.zhuhaoran.rebatemall.repository.OrderMasterRepository.
2019-05-05 15:41:33,924 - Spring Data Redis - Could not safely identify store assignment for repository candidate interface com.zhuhaoran.rebatemall.repository.ProductCategoryRepository.
2019-05-05 15:41:33,924 - Spring Data Redis - Could not safely identify store assignment for repository candidate interface com.zhuhaoran.rebatemall.repository.ProductInfoRepository.
2019-05-05 15:41:33,924 - Spring Data Redis - Could not safely identify store assignment for repository candidate interface com.zhuhaoran.rebatemall.repository.RebateDetailRepository.
2019-05-05 15:41:33,925 - Spring Data Redis - Could not safely identify store assignment for repository candidate interface com.zhuhaoran.rebatemall.repository.UserInfoRepository.
2019-05-05 15:41:33,925 - Spring Data Redis - Could not safely identify store assignment for repository candidate interface com.zhuhaoran.rebatemall.repository.WalletDetailRepository.
2019-05-05 15:41:33,925 - Spring Data Redis - Could not safely identify store assignment for repository candidate interface com.zhuhaoran.rebatemall.repository.WalletMasterRepository.
2019-05-05 15:41:33,925 - Finished Spring Data repository scanning in 13ms. Found 0 repository interfaces.
2019-05-05 15:41:34,493 - Bean 'org.springframework.transaction.annotation.ProxyTransactionManagementConfiguration' of type [org.springframework.transaction.annotation.ProxyTransactionManagementConfiguration$$EnhancerBySpringCGLIB$$d24a560f] is not eligible for getting processed by all BeanPostProcessors (for example: not eligible for auto-proxying)
2019-05-05 15:41:35,315 - Tomcat initialized with port(s): 8080 (http)
2019-05-05 15:41:35,344 - Initializing ProtocolHandler ["http-nio-8080"]
2019-05-05 15:41:35,360 - Starting service [Tomcat]
2019-05-05 15:41:35,361 - Starting Servlet engine: [Apache Tomcat/9.0.16]
2019-05-05 15:41:35,366 - The APR based Apache Tomcat Native library which allows optimal performance in production environments was not found on the java.library.path: [C:\Program Files\Java\jdk1.8.0_181\bin;C:\Windows\Sun\Java\bin;C:\Windows\system32;C:\Windows;C:\Program Files (x86)\Common Files\Oracle\Java\javapath;C:\Windows\system32;C:\Windows;C:\Windows\System32\Wbem;C:\Windows\System32\WindowsPowerShell\v1.0\;C:\Windows\System32\OpenSSH\;C:\Program Files\NVIDIA Corporation\NVIDIA NvDLISR;C:\Program Files (x86)\NVIDIA Corporation\PhysX\Common;C:\Program Files\Intel\WiFi\bin\;C:\Program Files\Common Files\Intel\WirelessCommon\;C:\Program Files\Java\jdk1.8.0_181\bin;C:\Program Files\MySQL\MySQL Utilities 1.6\;D:\maven\apache-maven-3.5.4\bin;D:\tomcat\apache-tomcat-9.0.11\bin;D:\Redis;C:\Program Files\Git\cmd;C:\Program Files\nodejs\;C:\Users\15522\AppData\Local\Microsoft\WindowsApps;C:\Program Files\Intel\WiFi\bin\;C:\Program Files\Common Files\Intel\WirelessCommon\;C:\Users\15522\AppData\Roaming\npm;.]
2019-05-05 15:41:35,577 - Initializing Spring embedded WebApplicationContext
2019-05-05 15:41:35,577 - Root WebApplicationContext: initialization completed in 6778 ms
2019-05-05 15:41:36,098 - HikariPool-1 - Starting...
2019-05-05 15:41:36,249 - HikariPool-1 - Start completed.
2019-05-05 15:41:36,391 - HHH000204: Processing PersistenceUnitInfo [
	name: default
	...]
2019-05-05 15:41:36,606 - HHH000412: Hibernate Core {5.3.7.Final}
2019-05-05 15:41:36,608 - HHH000206: hibernate.properties not found
2019-05-05 15:41:36,913 - HCANN000001: Hibernate Commons Annotations {5.0.4.Final}
2019-05-05 15:41:37,381 - HHH000400: Using dialect: org.hibernate.dialect.MySQL5Dialect
2019-05-05 15:41:38,620 - Initialized JPA EntityManagerFactory for persistence unit 'default'
2019-05-05 15:41:39,618 - Autowired annotation is not supported on static fields: private static com.zhuhaoran.rebatemall.service.UserInfoService com.zhuhaoran.rebatemall.utils.JudgeSpecialUserUtil.userInfoService
2019-05-05 15:41:39,895 - Initializing ExecutorService 'applicationTaskExecutor'
2019-05-05 15:41:39,951 - spring.jpa.open-in-view is enabled by default. Therefore, database queries may be performed during view rendering. Explicitly configure spring.jpa.open-in-view to disable this warning
2019-05-05 15:41:40,719 - Starting ProtocolHandler ["http-nio-8080"]
2019-05-05 15:41:40,743 - Tomcat started on port(s): 8080 (http) with context path '/rebatemall'
2019-05-05 15:41:40,745 - Started RebatemallApplication in 14.147 seconds (JVM running for 19.259)
2019-05-05 15:58:58,566 - Initializing Spring DispatcherServlet 'dispatcherServlet'
2019-05-05 15:58:58,567 - Initializing Servlet 'dispatcherServlet'
2019-05-05 15:58:58,581 - Completed initialization in 14 ms
2019-05-05 15:58:58,998 - HHH000397: Using ASTQueryTranslatorFactory
