2019-05-11 11:27:34,836 - Starting RebatemallApplication on DESKTOP-6P4NVVT with PID 10500 (D:\IdeaProjects\rebateMall\target\classes started by 15522 in D:\IdeaProjects\rebateMall)
2019-05-11 11:27:34,874 - No active profile set, falling back to default profiles: default
2019-05-11 11:27:43,387 - Multiple Spring Data modules found, entering strict repository configuration mode!
2019-05-11 11:27:43,387 - Bootstrapping Spring Data repositories in DEFAULT mode.
2019-05-11 11:27:43,750 - Finished Spring Data repository scanning in 332ms. Found 9 repository interfaces.
2019-05-11 11:27:43,999 - Multiple Spring Data modules found, entering strict repository configuration mode!
2019-05-11 11:27:44,026 - Bootstrapping Spring Data repositories in DEFAULT mode.
2019-05-11 11:27:44,272 - Spring Data Redis - Could not safely identify store assignment for repository candidate interface com.zhuhaoran.rebatemall.repository.DeliveryAddressRepository.
2019-05-11 11:27:44,273 - Spring Data Redis - Could not safely identify store assignment for repository candidate interface com.zhuhaoran.rebatemall.repository.OrderDetailRepository.
2019-05-11 11:27:44,273 - Spring Data Redis - Could not safely identify store assignment for repository candidate interface com.zhuhaoran.rebatemall.repository.OrderMasterRepository.
2019-05-11 11:27:44,273 - Spring Data Redis - Could not safely identify store assignment for repository candidate interface com.zhuhaoran.rebatemall.repository.ProductCategoryRepository.
2019-05-11 11:27:44,274 - Spring Data Redis - Could not safely identify store assignment for repository candidate interface com.zhuhaoran.rebatemall.repository.ProductInfoRepository.
2019-05-11 11:27:44,274 - Spring Data Redis - Could not safely identify store assignment for repository candidate interface com.zhuhaoran.rebatemall.repository.RebateDetailRepository.
2019-05-11 11:27:44,274 - Spring Data Redis - Could not safely identify store assignment for repository candidate interface com.zhuhaoran.rebatemall.repository.UserInfoRepository.
2019-05-11 11:27:44,275 - Spring Data Redis - Could not safely identify store assignment for repository candidate interface com.zhuhaoran.rebatemall.repository.WalletDetailRepository.
2019-05-11 11:27:44,275 - Spring Data Redis - Could not safely identify store assignment for repository candidate interface com.zhuhaoran.rebatemall.repository.WalletMasterRepository.
2019-05-11 11:27:44,275 - Finished Spring Data repository scanning in 11ms. Found 0 repository interfaces.
2019-05-11 11:27:46,015 - Bean 'org.springframework.transaction.annotation.ProxyTransactionManagementConfiguration' of type [org.springframework.transaction.annotation.ProxyTransactionManagementConfiguration$$EnhancerBySpringCGLIB$$beb50df5] is not eligible for getting processed by all BeanPostProcessors (for example: not eligible for auto-proxying)
2019-05-11 11:27:50,853 - Tomcat initialized with port(s): 8080 (http)
2019-05-11 11:27:51,041 - Initializing ProtocolHandler ["http-nio-8080"]
2019-05-11 11:27:51,124 - Starting service [Tomcat]
2019-05-11 11:27:51,125 - Starting Servlet engine: [Apache Tomcat/9.0.16]
2019-05-11 11:27:51,132 - The APR based Apache Tomcat Native library which allows optimal performance in production environments was not found on the java.library.path: [C:\Program Files\Java\jdk1.8.0_181\bin;C:\Windows\Sun\Java\bin;C:\Windows\system32;C:\Windows;C:\Program Files (x86)\Common Files\Oracle\Java\javapath;C:\Windows\system32;C:\Windows;C:\Windows\System32\Wbem;C:\Windows\System32\WindowsPowerShell\v1.0\;C:\Windows\System32\OpenSSH\;C:\Program Files\NVIDIA Corporation\NVIDIA NvDLISR;C:\Program Files (x86)\NVIDIA Corporation\PhysX\Common;C:\Program Files\Intel\WiFi\bin\;C:\Program Files\Common Files\Intel\WirelessCommon\;C:\Program Files\Java\jdk1.8.0_181\bin;C:\Program Files\MySQL\MySQL Utilities 1.6\;D:\maven\apache-maven-3.5.4\bin;D:\tomcat\apache-tomcat-9.0.11\bin;D:\Redis;C:\Program Files\Git\cmd;C:\Program Files\nodejs\;D:\Android-SDK\platform-tools;D:\Android-SDK\tools;D:\gradle\gradle-4.10.2\bin;C:\Users\15522\AppData\Local\Microsoft\WindowsApps;C:\Program Files\Intel\WiFi\bin\;C:\Program Files\Common Files\Intel\WirelessCommon\;C:\Users\15522\AppData\Roaming\npm;C:\Users\15522\AppData\Local\Programs\Fiddler;.]
2019-05-11 11:27:51,673 - Initializing Spring embedded WebApplicationContext
2019-05-11 11:27:51,673 - Root WebApplicationContext: initialization completed in 16480 ms
2019-05-11 11:27:53,157 - HikariPool-1 - Starting...
2019-05-11 11:27:53,980 - HikariPool-1 - Start completed.
2019-05-11 11:27:54,542 - HHH000204: Processing PersistenceUnitInfo [
	name: default
	...]
2019-05-11 11:27:56,015 - HHH000412: Hibernate Core {5.3.7.Final}
2019-05-11 11:27:56,017 - HHH000206: hibernate.properties not found
2019-05-11 11:27:57,159 - HCANN000001: Hibernate Commons Annotations {5.0.4.Final}
2019-05-11 11:27:59,109 - HHH000400: Using dialect: org.hibernate.dialect.MySQL5Dialect
2019-05-11 11:28:02,766 - Initialized JPA EntityManagerFactory for persistence unit 'default'
2019-05-11 11:28:08,127 - Autowired annotation is not supported on static fields: private static com.zhuhaoran.rebatemall.service.UserInfoService com.zhuhaoran.rebatemall.utils.JudgeSpecialUserUtil.userInfoService
2019-05-11 11:28:09,252 - Initializing ExecutorService 'applicationTaskExecutor'
2019-05-11 11:28:09,342 - spring.jpa.open-in-view is enabled by default. Therefore, database queries may be performed during view rendering. Explicitly configure spring.jpa.open-in-view to disable this warning
2019-05-11 11:28:11,747 - Starting ProtocolHandler ["http-nio-8080"]
2019-05-11 11:28:11,786 - Tomcat started on port(s): 8080 (http) with context path '/rebatemall'
2019-05-11 11:28:11,788 - Started RebatemallApplication in 45.644 seconds (JVM running for 56.982)
2019-05-11 11:29:39,049 - Initializing Spring DispatcherServlet 'dispatcherServlet'
2019-05-11 11:29:39,050 - Initializing Servlet 'dispatcherServlet'
2019-05-11 11:29:39,067 - Completed initialization in 16 ms
2019-05-11 11:29:39,584 - HHH000397: Using ASTQueryTranslatorFactory
2019-05-11 15:45:24,158 - Starting RebatemallApplication on DESKTOP-6P4NVVT with PID 7320 (D:\IdeaProjects\rebateMall\target\classes started by 15522 in D:\IdeaProjects\rebateMall)
2019-05-11 15:45:24,162 - No active profile set, falling back to default profiles: default
2019-05-11 15:45:26,282 - Multiple Spring Data modules found, entering strict repository configuration mode!
2019-05-11 15:45:26,283 - Bootstrapping Spring Data repositories in DEFAULT mode.
2019-05-11 15:45:26,461 - Finished Spring Data repository scanning in 154ms. Found 9 repository interfaces.
2019-05-11 15:45:26,474 - Multiple Spring Data modules found, entering strict repository configuration mode!
2019-05-11 15:45:26,475 - Bootstrapping Spring Data repositories in DEFAULT mode.
2019-05-11 15:45:26,493 - Spring Data Redis - Could not safely identify store assignment for repository candidate interface com.zhuhaoran.rebatemall.repository.DeliveryAddressRepository.
2019-05-11 15:45:26,494 - Spring Data Redis - Could not safely identify store assignment for repository candidate interface com.zhuhaoran.rebatemall.repository.OrderDetailRepository.
2019-05-11 15:45:26,495 - Spring Data Redis - Could not safely identify store assignment for repository candidate interface com.zhuhaoran.rebatemall.repository.OrderMasterRepository.
2019-05-11 15:45:26,495 - Spring Data Redis - Could not safely identify store assignment for repository candidate interface com.zhuhaoran.rebatemall.repository.ProductCategoryRepository.
2019-05-11 15:45:26,495 - Spring Data Redis - Could not safely identify store assignment for repository candidate interface com.zhuhaoran.rebatemall.repository.ProductInfoRepository.
2019-05-11 15:45:26,496 - Spring Data Redis - Could not safely identify store assignment for repository candidate interface com.zhuhaoran.rebatemall.repository.RebateDetailRepository.
2019-05-11 15:45:26,496 - Spring Data Redis - Could not safely identify store assignment for repository candidate interface com.zhuhaoran.rebatemall.repository.UserInfoRepository.
2019-05-11 15:45:26,496 - Spring Data Redis - Could not safely identify store assignment for repository candidate interface com.zhuhaoran.rebatemall.repository.WalletDetailRepository.
2019-05-11 15:45:26,497 - Spring Data Redis - Could not safely identify store assignment for repository candidate interface com.zhuhaoran.rebatemall.repository.WalletMasterRepository.
2019-05-11 15:45:26,497 - Finished Spring Data repository scanning in 15ms. Found 0 repository interfaces.
2019-05-11 15:45:26,851 - Bean 'org.springframework.transaction.annotation.ProxyTransactionManagementConfiguration' of type [org.springframework.transaction.annotation.ProxyTransactionManagementConfiguration$$EnhancerBySpringCGLIB$$d311b372] is not eligible for getting processed by all BeanPostProcessors (for example: not eligible for auto-proxying)
2019-05-11 15:45:27,497 - Tomcat initialized with port(s): 8080 (http)
2019-05-11 15:45:27,512 - Initializing ProtocolHandler ["http-nio-8080"]
2019-05-11 15:45:27,520 - Starting service [Tomcat]
2019-05-11 15:45:27,521 - Starting Servlet engine: [Apache Tomcat/9.0.16]
2019-05-11 15:45:27,527 - The APR based Apache Tomcat Native library which allows optimal performance in production environments was not found on the java.library.path: [C:\Program Files\Java\jdk1.8.0_181\bin;C:\Windows\Sun\Java\bin;C:\Windows\system32;C:\Windows;C:\Program Files (x86)\Common Files\Oracle\Java\javapath;C:\Windows\system32;C:\Windows;C:\Windows\System32\Wbem;C:\Windows\System32\WindowsPowerShell\v1.0\;C:\Windows\System32\OpenSSH\;C:\Program Files\NVIDIA Corporation\NVIDIA NvDLISR;C:\Program Files (x86)\NVIDIA Corporation\PhysX\Common;C:\Program Files\Intel\WiFi\bin\;C:\Program Files\Common Files\Intel\WirelessCommon\;C:\Program Files\Java\jdk1.8.0_181\bin;C:\Program Files\MySQL\MySQL Utilities 1.6\;D:\maven\apache-maven-3.5.4\bin;D:\tomcat\apache-tomcat-9.0.11\bin;D:\Redis;C:\Program Files\Git\cmd;C:\Program Files\nodejs\;D:\Android-SDK\platform-tools;D:\Android-SDK\tools;D:\gradle\gradle-4.10.2\bin;C:\Users\15522\AppData\Local\Microsoft\WindowsApps;C:\Program Files\Intel\WiFi\bin\;C:\Program Files\Common Files\Intel\WirelessCommon\;C:\Users\15522\AppData\Roaming\npm;C:\Users\15522\AppData\Local\Programs\Fiddler;.]
2019-05-11 15:45:27,817 - Initializing Spring embedded WebApplicationContext
2019-05-11 15:45:27,818 - Root WebApplicationContext: initialization completed in 3564 ms
2019-05-11 15:45:28,030 - HikariPool-1 - Starting...
2019-05-11 15:45:28,227 - HikariPool-1 - Start completed.
2019-05-11 15:45:28,321 - HHH000204: Processing PersistenceUnitInfo [
	name: default
	...]
2019-05-11 15:45:28,583 - HHH000412: Hibernate Core {5.3.7.Final}
2019-05-11 15:45:28,584 - HHH000206: hibernate.properties not found
2019-05-11 15:45:28,899 - HCANN000001: Hibernate Commons Annotations {5.0.4.Final}
2019-05-11 15:45:29,214 - HHH000400: Using dialect: org.hibernate.dialect.MySQL5Dialect
2019-05-11 15:45:30,368 - Initialized JPA EntityManagerFactory for persistence unit 'default'
2019-05-11 15:45:31,216 - Autowired annotation is not supported on static fields: private static com.zhuhaoran.rebatemall.service.UserInfoService com.zhuhaoran.rebatemall.utils.JudgeSpecialUserUtil.userInfoService
2019-05-11 15:45:31,389 - Initializing ExecutorService 'applicationTaskExecutor'
2019-05-11 15:45:31,423 - spring.jpa.open-in-view is enabled by default. Therefore, database queries may be performed during view rendering. Explicitly configure spring.jpa.open-in-view to disable this warning
2019-05-11 15:45:31,764 - Starting ProtocolHandler ["http-nio-8080"]
2019-05-11 15:45:31,789 - Tomcat started on port(s): 8080 (http) with context path '/rebatemall'
2019-05-11 15:45:31,791 - Started RebatemallApplication in 8.694 seconds (JVM running for 10.911)
2019-05-11 16:12:49,762 - Initializing Spring DispatcherServlet 'dispatcherServlet'
2019-05-11 16:12:49,763 - Initializing Servlet 'dispatcherServlet'
2019-05-11 16:12:49,769 - Completed initialization in 6 ms
2019-05-11 16:27:16,677 - HHH000397: Using ASTQueryTranslatorFactory
