2019-05-14 09:09:34,142 - Starting RebatemallApplication on DESKTOP-6P4NVVT with PID 3856 (D:\IdeaProjects\rebateMall\target\classes started by 15522 in D:\IdeaProjects\rebateMall)
2019-05-14 09:09:34,147 - No active profile set, falling back to default profiles: default
2019-05-14 09:09:36,595 - Multiple Spring Data modules found, entering strict repository configuration mode!
2019-05-14 09:09:36,596 - Bootstrapping Spring Data repositories in DEFAULT mode.
2019-05-14 09:09:36,748 - Finished Spring Data repository scanning in 147ms. Found 9 repository interfaces.
2019-05-14 09:09:36,759 - Multiple Spring Data modules found, entering strict repository configuration mode!
2019-05-14 09:09:36,770 - Bootstrapping Spring Data repositories in DEFAULT mode.
2019-05-14 09:09:36,784 - Spring Data Redis - Could not safely identify store assignment for repository candidate interface com.zhuhaoran.rebatemall.repository.DeliveryAddressRepository.
2019-05-14 09:09:36,785 - Spring Data Redis - Could not safely identify store assignment for repository candidate interface com.zhuhaoran.rebatemall.repository.OrderDetailRepository.
2019-05-14 09:09:36,786 - Spring Data Redis - Could not safely identify store assignment for repository candidate interface com.zhuhaoran.rebatemall.repository.OrderMasterRepository.
2019-05-14 09:09:36,786 - Spring Data Redis - Could not safely identify store assignment for repository candidate interface com.zhuhaoran.rebatemall.repository.ProductCategoryRepository.
2019-05-14 09:09:36,786 - Spring Data Redis - Could not safely identify store assignment for repository candidate interface com.zhuhaoran.rebatemall.repository.ProductInfoRepository.
2019-05-14 09:09:36,787 - Spring Data Redis - Could not safely identify store assignment for repository candidate interface com.zhuhaoran.rebatemall.repository.RebateDetailRepository.
2019-05-14 09:09:36,787 - Spring Data Redis - Could not safely identify store assignment for repository candidate interface com.zhuhaoran.rebatemall.repository.UserInfoRepository.
2019-05-14 09:09:36,787 - Spring Data Redis - Could not safely identify store assignment for repository candidate interface com.zhuhaoran.rebatemall.repository.WalletDetailRepository.
2019-05-14 09:09:36,788 - Spring Data Redis - Could not safely identify store assignment for repository candidate interface com.zhuhaoran.rebatemall.repository.WalletMasterRepository.
2019-05-14 09:09:36,788 - Finished Spring Data repository scanning in 11ms. Found 0 repository interfaces.
2019-05-14 09:09:37,096 - Bean 'org.springframework.transaction.annotation.ProxyTransactionManagementConfiguration' of type [org.springframework.transaction.annotation.ProxyTransactionManagementConfiguration$$EnhancerBySpringCGLIB$$1a2029c4] is not eligible for getting processed by all BeanPostProcessors (for example: not eligible for auto-proxying)
2019-05-14 09:09:37,817 - Tomcat initialized with port(s): 8080 (http)
2019-05-14 09:09:37,916 - Initializing ProtocolHandler ["http-nio-8080"]
2019-05-14 09:09:37,955 - Starting service [Tomcat]
2019-05-14 09:09:37,955 - Starting Servlet engine: [Apache Tomcat/9.0.16]
2019-05-14 09:09:37,961 - The APR based Apache Tomcat Native library which allows optimal performance in production environments was not found on the java.library.path: [C:\Program Files\Java\jdk1.8.0_181\bin;C:\Windows\Sun\Java\bin;C:\Windows\system32;C:\Windows;C:\Program Files (x86)\Common Files\Oracle\Java\javapath;C:\Windows\system32;C:\Windows;C:\Windows\System32\Wbem;C:\Windows\System32\WindowsPowerShell\v1.0\;C:\Windows\System32\OpenSSH\;C:\Program Files\NVIDIA Corporation\NVIDIA NvDLISR;C:\Program Files (x86)\NVIDIA Corporation\PhysX\Common;C:\Program Files\Intel\WiFi\bin\;C:\Program Files\Common Files\Intel\WirelessCommon\;C:\Program Files\Java\jdk1.8.0_181\bin;C:\Program Files\MySQL\MySQL Utilities 1.6\;D:\maven\apache-maven-3.5.4\bin;D:\tomcat\apache-tomcat-9.0.11\bin;D:\Redis;C:\Program Files\Git\cmd;C:\Program Files\nodejs\;D:\Android-SDK\platform-tools;D:\Android-SDK\tools;D:\gradle\gradle-4.10.2\bin;C:\Users\15522\AppData\Local\Microsoft\WindowsApps;C:\Program Files\Intel\WiFi\bin\;C:\Program Files\Common Files\Intel\WirelessCommon\;C:\Users\15522\AppData\Roaming\npm;C:\Users\15522\AppData\Local\Programs\Fiddler;.]
2019-05-14 09:09:38,514 - Initializing Spring embedded WebApplicationContext
2019-05-14 09:09:38,514 - Root WebApplicationContext: initialization completed in 4312 ms
2019-05-14 09:09:38,881 - HikariPool-1 - Starting...
2019-05-14 09:09:39,103 - HikariPool-1 - Start completed.
2019-05-14 09:09:39,270 - HHH000204: Processing PersistenceUnitInfo [
	name: default
	...]
2019-05-14 09:09:39,441 - HHH000412: Hibernate Core {5.3.7.Final}
2019-05-14 09:09:39,442 - HHH000206: hibernate.properties not found
2019-05-14 09:09:39,810 - HCANN000001: Hibernate Commons Annotations {5.0.4.Final}
2019-05-14 09:09:40,112 - HHH000400: Using dialect: org.hibernate.dialect.MySQL5Dialect
2019-05-14 09:09:41,563 - Initialized JPA EntityManagerFactory for persistence unit 'default'
2019-05-14 09:09:42,380 - Autowired annotation is not supported on static fields: private static com.zhuhaoran.rebatemall.service.UserInfoService com.zhuhaoran.rebatemall.utils.JudgeSpecialUserUtil.userInfoService
2019-05-14 09:09:42,615 - Initializing ExecutorService 'applicationTaskExecutor'
2019-05-14 09:09:42,663 - spring.jpa.open-in-view is enabled by default. Therefore, database queries may be performed during view rendering. Explicitly configure spring.jpa.open-in-view to disable this warning
2019-05-14 09:09:43,103 - Starting ProtocolHandler ["http-nio-8080"]
2019-05-14 09:09:43,127 - Tomcat started on port(s): 8080 (http) with context path '/rebatemall'
2019-05-14 09:09:43,129 - Started RebatemallApplication in 9.885 seconds (JVM running for 18.626)
2019-05-14 09:12:49,097 - Initializing Spring DispatcherServlet 'dispatcherServlet'
2019-05-14 09:12:49,098 - Initializing Servlet 'dispatcherServlet'
2019-05-14 09:12:49,110 - Completed initialization in 12 ms
2019-05-14 09:12:55,622 - HHH000397: Using ASTQueryTranslatorFactory
