2019-05-03 17:08:07,000 - Starting RebatemallApplication on DESKTOP-6P4NVVT with PID 13184 (D:\IdeaProjects\rebateMall\target\classes started by 15522 in D:\IdeaProjects\rebateMall)
2019-05-03 17:08:07,008 - No active profile set, falling back to default profiles: default
2019-05-03 17:08:09,088 - Multiple Spring Data modules found, entering strict repository configuration mode!
2019-05-03 17:08:09,089 - Bootstrapping Spring Data repositories in DEFAULT mode.
2019-05-03 17:08:09,279 - Finished Spring Data repository scanning in 183ms. Found 9 repository interfaces.
2019-05-03 17:08:09,310 - Multiple Spring Data modules found, entering strict repository configuration mode!
2019-05-03 17:08:09,312 - Bootstrapping Spring Data repositories in DEFAULT mode.
2019-05-03 17:08:09,357 - Spring Data Redis - Could not safely identify store assignment for repository candidate interface com.zhuhaoran.rebatemall.repository.DeliveryAddressRepository.
2019-05-03 17:08:09,360 - Spring Data Redis - Could not safely identify store assignment for repository candidate interface com.zhuhaoran.rebatemall.repository.OrderDetailRepository.
2019-05-03 17:08:09,362 - Spring Data Redis - Could not safely identify store assignment for repository candidate interface com.zhuhaoran.rebatemall.repository.OrderMasterRepository.
2019-05-03 17:08:09,365 - Spring Data Redis - Could not safely identify store assignment for repository candidate interface com.zhuhaoran.rebatemall.repository.ProductCategoryRepository.
2019-05-03 17:08:09,369 - Spring Data Redis - Could not safely identify store assignment for repository candidate interface com.zhuhaoran.rebatemall.repository.ProductInfoRepository.
2019-05-03 17:08:09,372 - Spring Data Redis - Could not safely identify store assignment for repository candidate interface com.zhuhaoran.rebatemall.repository.RebateDetailRepository.
2019-05-03 17:08:09,373 - Spring Data Redis - Could not safely identify store assignment for repository candidate interface com.zhuhaoran.rebatemall.repository.UserInfoRepository.
2019-05-03 17:08:09,374 - Spring Data Redis - Could not safely identify store assignment for repository candidate interface com.zhuhaoran.rebatemall.repository.WalletDetailRepository.
2019-05-03 17:08:09,374 - Spring Data Redis - Could not safely identify store assignment for repository candidate interface com.zhuhaoran.rebatemall.repository.WalletMasterRepository.
2019-05-03 17:08:09,377 - Finished Spring Data repository scanning in 43ms. Found 0 repository interfaces.
2019-05-03 17:08:09,889 - Bean 'org.springframework.transaction.annotation.ProxyTransactionManagementConfiguration' of type [org.springframework.transaction.annotation.ProxyTransactionManagementConfiguration$$EnhancerBySpringCGLIB$$708249d3] is not eligible for getting processed by all BeanPostProcessors (for example: not eligible for auto-proxying)
2019-05-03 17:08:10,276 - Tomcat initialized with port(s): 8080 (http)
2019-05-03 17:08:10,295 - Initializing ProtocolHandler ["http-nio-8080"]
2019-05-03 17:08:10,307 - Starting service [Tomcat]
2019-05-03 17:08:10,308 - Starting Servlet engine: [Apache Tomcat/9.0.16]
2019-05-03 17:08:10,317 - The APR based Apache Tomcat Native library which allows optimal performance in production environments was not found on the java.library.path: [C:\Program Files\Java\jdk1.8.0_181\bin;C:\Windows\Sun\Java\bin;C:\Windows\system32;C:\Windows;C:\Program Files (x86)\Common Files\Oracle\Java\javapath;C:\Windows\system32;C:\Windows;C:\Windows\System32\Wbem;C:\Windows\System32\WindowsPowerShell\v1.0\;C:\Windows\System32\OpenSSH\;C:\Program Files\NVIDIA Corporation\NVIDIA NvDLISR;C:\Program Files (x86)\NVIDIA Corporation\PhysX\Common;C:\Program Files\Intel\WiFi\bin\;C:\Program Files\Common Files\Intel\WirelessCommon\;C:\Program Files\Java\jdk1.8.0_181\bin;C:\Program Files\MySQL\MySQL Utilities 1.6\;D:\maven\apache-maven-3.5.4\bin;D:\tomcat\apache-tomcat-9.0.11\bin;D:\Redis;C:\Program Files\Git\cmd;C:\Program Files\nodejs\;C:\Users\15522\AppData\Local\Microsoft\WindowsApps;C:\Users\15522\AppData\Roaming\npm;.]
2019-05-03 17:08:10,666 - Initializing Spring embedded WebApplicationContext
2019-05-03 17:08:10,666 - Root WebApplicationContext: initialization completed in 3601 ms
2019-05-03 17:08:10,957 - HikariPool-1 - Starting...
2019-05-03 17:08:11,365 - HikariPool-1 - Start completed.
2019-05-03 17:08:11,413 - HHH000204: Processing PersistenceUnitInfo [
	name: default
	...]
2019-05-03 17:08:11,470 - HHH000412: Hibernate Core {5.3.7.Final}
2019-05-03 17:08:11,472 - HHH000206: hibernate.properties not found
2019-05-03 17:08:11,676 - HCANN000001: Hibernate Commons Annotations {5.0.4.Final}
2019-05-03 17:08:11,820 - HHH000400: Using dialect: org.hibernate.dialect.MySQL5Dialect
2019-05-03 17:08:12,549 - Initialized JPA EntityManagerFactory for persistence unit 'default'
2019-05-03 17:08:13,269 - Autowired annotation is not supported on static fields: private static com.zhuhaoran.rebatemall.service.UserInfoService com.zhuhaoran.rebatemall.utils.JudgeSpecialUserUtil.userInfoService
2019-05-03 17:08:13,492 - Initializing ExecutorService 'applicationTaskExecutor'
2019-05-03 17:08:13,552 - spring.jpa.open-in-view is enabled by default. Therefore, database queries may be performed during view rendering. Explicitly configure spring.jpa.open-in-view to disable this warning
2019-05-03 17:08:13,952 - Starting ProtocolHandler ["http-nio-8080"]
2019-05-03 17:08:13,988 - Tomcat started on port(s): 8080 (http) with context path '/rebatemall'
2019-05-03 17:08:13,991 - Started RebatemallApplication in 7.879 seconds (JVM running for 11.36)
2019-05-03 17:12:00,772 - Starting RebatemallApplication on DESKTOP-6P4NVVT with PID 12396 (D:\IdeaProjects\rebateMall\target\classes started by 15522 in D:\IdeaProjects\rebateMall)
2019-05-03 17:12:00,794 - No active profile set, falling back to default profiles: default
2019-05-03 17:12:01,915 - Multiple Spring Data modules found, entering strict repository configuration mode!
2019-05-03 17:12:01,916 - Bootstrapping Spring Data repositories in DEFAULT mode.
2019-05-03 17:12:02,065 - Finished Spring Data repository scanning in 142ms. Found 9 repository interfaces.
2019-05-03 17:12:02,078 - Multiple Spring Data modules found, entering strict repository configuration mode!
2019-05-03 17:12:02,079 - Bootstrapping Spring Data repositories in DEFAULT mode.
2019-05-03 17:12:02,105 - Spring Data Redis - Could not safely identify store assignment for repository candidate interface com.zhuhaoran.rebatemall.repository.DeliveryAddressRepository.
2019-05-03 17:12:02,107 - Spring Data Redis - Could not safely identify store assignment for repository candidate interface com.zhuhaoran.rebatemall.repository.OrderDetailRepository.
2019-05-03 17:12:02,107 - Spring Data Redis - Could not safely identify store assignment for repository candidate interface com.zhuhaoran.rebatemall.repository.OrderMasterRepository.
2019-05-03 17:12:02,108 - Spring Data Redis - Could not safely identify store assignment for repository candidate interface com.zhuhaoran.rebatemall.repository.ProductCategoryRepository.
2019-05-03 17:12:02,108 - Spring Data Redis - Could not safely identify store assignment for repository candidate interface com.zhuhaoran.rebatemall.repository.ProductInfoRepository.
2019-05-03 17:12:02,108 - Spring Data Redis - Could not safely identify store assignment for repository candidate interface com.zhuhaoran.rebatemall.repository.RebateDetailRepository.
2019-05-03 17:12:02,109 - Spring Data Redis - Could not safely identify store assignment for repository candidate interface com.zhuhaoran.rebatemall.repository.UserInfoRepository.
2019-05-03 17:12:02,109 - Spring Data Redis - Could not safely identify store assignment for repository candidate interface com.zhuhaoran.rebatemall.repository.WalletDetailRepository.
2019-05-03 17:12:02,110 - Spring Data Redis - Could not safely identify store assignment for repository candidate interface com.zhuhaoran.rebatemall.repository.WalletMasterRepository.
2019-05-03 17:12:02,110 - Finished Spring Data repository scanning in 13ms. Found 0 repository interfaces.
2019-05-03 17:12:02,564 - Bean 'org.springframework.transaction.annotation.ProxyTransactionManagementConfiguration' of type [org.springframework.transaction.annotation.ProxyTransactionManagementConfiguration$$EnhancerBySpringCGLIB$$c604f9e0] is not eligible for getting processed by all BeanPostProcessors (for example: not eligible for auto-proxying)
2019-05-03 17:12:02,906 - Tomcat initialized with port(s): 8080 (http)
2019-05-03 17:12:02,918 - Initializing ProtocolHandler ["http-nio-8080"]
2019-05-03 17:12:02,927 - Starting service [Tomcat]
2019-05-03 17:12:02,927 - Starting Servlet engine: [Apache Tomcat/9.0.16]
2019-05-03 17:12:02,933 - The APR based Apache Tomcat Native library which allows optimal performance in production environments was not found on the java.library.path: [C:\Program Files\Java\jdk1.8.0_181\bin;C:\Windows\Sun\Java\bin;C:\Windows\system32;C:\Windows;C:\Program Files (x86)\Common Files\Oracle\Java\javapath;C:\Windows\system32;C:\Windows;C:\Windows\System32\Wbem;C:\Windows\System32\WindowsPowerShell\v1.0\;C:\Windows\System32\OpenSSH\;C:\Program Files\NVIDIA Corporation\NVIDIA NvDLISR;C:\Program Files (x86)\NVIDIA Corporation\PhysX\Common;C:\Program Files\Intel\WiFi\bin\;C:\Program Files\Common Files\Intel\WirelessCommon\;C:\Program Files\Java\jdk1.8.0_181\bin;C:\Program Files\MySQL\MySQL Utilities 1.6\;D:\maven\apache-maven-3.5.4\bin;D:\tomcat\apache-tomcat-9.0.11\bin;D:\Redis;C:\Program Files\Git\cmd;C:\Program Files\nodejs\;C:\Users\15522\AppData\Local\Microsoft\WindowsApps;C:\Users\15522\AppData\Roaming\npm;.]
2019-05-03 17:12:03,206 - Initializing Spring embedded WebApplicationContext
2019-05-03 17:12:03,206 - Root WebApplicationContext: initialization completed in 2208 ms
2019-05-03 17:12:03,347 - HikariPool-1 - Starting...
2019-05-03 17:12:03,546 - HikariPool-1 - Start completed.
2019-05-03 17:12:03,594 - HHH000204: Processing PersistenceUnitInfo [
	name: default
	...]
2019-05-03 17:12:03,647 - HHH000412: Hibernate Core {5.3.7.Final}
2019-05-03 17:12:03,649 - HHH000206: hibernate.properties not found
2019-05-03 17:12:03,801 - HCANN000001: Hibernate Commons Annotations {5.0.4.Final}
2019-05-03 17:12:04,045 - HHH000400: Using dialect: org.hibernate.dialect.MySQL5Dialect
2019-05-03 17:12:05,038 - Initialized JPA EntityManagerFactory for persistence unit 'default'
2019-05-03 17:12:05,742 - Autowired annotation is not supported on static fields: private static com.zhuhaoran.rebatemall.service.UserInfoService com.zhuhaoran.rebatemall.utils.JudgeSpecialUserUtil.userInfoService
2019-05-03 17:12:05,920 - Initializing ExecutorService 'applicationTaskExecutor'
2019-05-03 17:12:05,970 - spring.jpa.open-in-view is enabled by default. Therefore, database queries may be performed during view rendering. Explicitly configure spring.jpa.open-in-view to disable this warning
2019-05-03 17:12:06,439 - Starting ProtocolHandler ["http-nio-8080"]
2019-05-03 17:12:06,470 - Tomcat started on port(s): 8080 (http) with context path '/rebatemall'
2019-05-03 17:12:06,472 - Started RebatemallApplication in 6.461 seconds (JVM running for 9.683)
2019-05-03 17:12:10,831 - Initializing Spring DispatcherServlet 'dispatcherServlet'
2019-05-03 17:12:10,832 - Initializing Servlet 'dispatcherServlet'
2019-05-03 17:12:10,847 - Completed initialization in 11 ms
2019-05-03 17:12:11,607 - HHH000397: Using ASTQueryTranslatorFactory
